{"mode": "now", "event": "starting", "level": "info", "logger": "__main__", "timestamp": "2026-02-28T10:50:38.556158Z"}
{"path": "onboardings.db", "event": "database_initialized", "level": "info", "logger": "src.persistence.repository", "timestamp": "2026-02-28T10:50:38.558718Z"}
{"mode": "now", "event": "running_single_cycle", "level": "info", "logger": "__main__", "timestamp": "2026-02-28T10:50:38.917702Z"}
{"job": "polling", "event": "polling_cycle_started", "level": "info", "logger": "src.scheduler.polling_job", "timestamp": "2026-02-28T10:50:38.917939Z"}
{"since": "2026-02-21T11:50:38.918004", "lookback_days": 7, "event": "deal_detection_started", "level": "info", "logger": "src.services.deal_detector", "timestamp": "2026-02-28T10:50:38.918032Z"}
{"event": "HTTP Request: POST https://api.hubapi.com/crm/v3/objects/deals/search \"HTTP/1.1 200 OK\""}
{"event": "HTTP Request: GET https://api.hubapi.com/crm/v3/objects/deals/55827474333/associations/companies \"HTTP/1.1 200 OK\""}
{"deal_id": 55827474333, "deal_name": "Neurorehabilitaci\u00f3n- Servicio legal para constituci\u00f3n de sociedad.", "event": "deal_has_no_company", "level": "warning", "logger": "src.services.deal_detector", "timestamp": "2026-02-28T10:50:39.634996Z"}
{"event": "HTTP Request: GET https://api.hubapi.com/crm/v3/objects/deals/56896701457/associations/companies \"HTTP/1.1 200 OK\""}
{"event": "HTTP Request: GET https://api.hubapi.com/crm/v3/objects/companies/50672440362?properties=name%2Cnif%2Cgeneric_email%2Cphone%2Caddress%2Ccity%2Cstate%2Czip%2Ccountry%2Cwebsite%2Cdomain%2Ctl_holded_id%2Ctl_synced_holded%2Cdrive_folder_id%2Cdrive_folder_url \"HTTP/1.1 200 OK\""}
{"event": "HTTP Request: GET https://api.hubapi.com/crm/v3/objects/companies/50672440362/associations/contacts \"HTTP/1.1 200 OK\""}
{"event": "HTTP Request: GET https://api.hubapi.com/crm/v3/objects/contacts/199262300956?properties=firstname%2Clastname%2Cnombre_y_apellidos%2Cemail%2Cphone%2Cmobilephone%2Ccargo_en_empresa%2Cnif%2Ctecnico_enisa_asignado%2Ctecnico_subvencion_asignado%2Ccfo_asignado%2Ccfo_asignado_ii%2Casesor_fiscal_asignado%2Casesor_laboral_asignado%2Cadministrativo_asignado \"HTTP/1.1 200 OK\""}
{"deal_id": 56896701457, "deal_name": "Sustrato - Asesoramiento fiscal y contable", "company": "Sustrato", "service": "Asesoramiento fiscal y contable", "technicians_count": 3, "holded_exists": false, "event": "new_deal_detected", "level": "info", "logger": "src.services.deal_detector", "timestamp": "2026-02-28T10:50:41.378175Z"}
{"new_deals_count": 1, "event": "deal_detection_completed", "level": "info", "logger": "src.services.deal_detector", "timestamp": "2026-02-28T10:50:41.385983Z"}
{"count": 1, "event": "new_deals_detected", "level": "info", "logger": "src.scheduler.polling_job", "timestamp": "2026-02-28T10:50:41.386243Z"}
{"event": "HTTP Request: GET https://sheets.googleapis.com/v4/spreadsheets/1pWvqvvY8LBpHr07G1jmMhiP3SSQG_kUHKGc_IMYM-9s/values/servicios!A:C \"HTTP/1.1 200 OK\""}
{"count": 41, "event": "sheets_services_loaded", "level": "info", "logger": "src.clients.google_sheets", "timestamp": "2026-02-28T10:50:42.159863Z"}
{"service": "Asesoramiento fiscal y contable", "department": "AS", "event": "service_mapped", "level": "info", "logger": "src.services.service_mapper", "timestamp": "2026-02-28T10:50:42.160125Z"}
{"event": "HTTP Request: GET https://sheets.googleapis.com/v4/spreadsheets/1pWvqvvY8LBpHr07G1jmMhiP3SSQG_kUHKGc_IMYM-9s/values/usuarios!A:G \"HTTP/1.1 200 OK\""}
{"count": 22, "event": "sheets_team_members_loaded", "level": "info", "logger": "src.clients.google_sheets", "timestamp": "2026-02-28T10:50:42.406781Z"}
{"department": "AS", "technician": "Lorena", "event": "technician_resolved", "level": "info", "logger": "src.services.onboarding_manager", "timestamp": "2026-02-28T10:50:42.407073Z"}
{"deal_id": 56896701457, "context": "new_deal", "error": "UNIQUE constraint failed: onboarding_technicians.onboarding_id, onboarding_technicians.hubspot_tec_id", "event": "deal_processing_error", "level": "error", "logger": "src.scheduler.polling_job", "timestamp": "2026-02-28T10:50:42.412935Z"}
{"count": 4, "event": "pending_onboardings_found", "level": "info", "logger": "src.scheduler.polling_job", "timestamp": "2026-02-28T10:50:42.415531Z"}
{"event": "HTTP Request: GET https://api.hubapi.com/crm/v3/objects/deals/56981737747?properties=dealname%2Camount%2Chubspot_owner_id%2Cpipeline%2Cdealstage%2Cclosedate \"HTTP/1.1 200 OK\""}
{"event": "HTTP Request: GET https://api.hubapi.com/crm/v3/objects/deals/56981737747/associations/companies \"HTTP/1.1 200 OK\""}
{"event": "HTTP Request: GET https://api.hubapi.com/crm/v3/objects/companies/50771288247?properties=name%2Cnif%2Cgeneric_email%2Cphone%2Caddress%2Ccity%2Cstate%2Czip%2Ccountry%2Cwebsite%2Cdomain%2Ctl_holded_id%2Ctl_synced_holded%2Cdrive_folder_id%2Cdrive_folder_url \"HTTP/1.1 200 OK\""}
{"event": "HTTP Request: GET https://api.hubapi.com/crm/v3/objects/companies/50771288247/associations/contacts \"HTTP/1.1 200 OK\""}
{"event": "HTTP Request: GET https://api.hubapi.com/crm/v3/objects/contacts/199954448819?properties=firstname%2Clastname%2Cnombre_y_apellidos%2Cemail%2Cphone%2Cmobilephone%2Ccargo_en_empresa%2Cnif%2Ctecnico_enisa_asignado%2Ctecnico_subvencion_asignado%2Ccfo_asignado%2Ccfo_asignado_ii%2Casesor_fiscal_asignado%2Casesor_laboral_asignado%2Cadministrativo_asignado \"HTTP/1.1 200 OK\""}
{"service": "Asesoramiento fiscal y contable", "department": "AS", "event": "service_mapped", "level": "info", "logger": "src.services.service_mapper", "timestamp": "2026-02-28T10:50:43.991033Z"}
{"department": "AS", "technician": "Isabel", "event": "technician_resolved", "level": "info", "logger": "src.services.onboarding_manager", "timestamp": "2026-02-28T10:50:43.991349Z"}
{"deal_id": 56981737747, "company": "Canadian Sevilla", "department": "AS", "technician": "Isabel", "event": "running_pipeline", "level": "info", "logger": "src.services.onboarding_manager", "timestamp": "2026-02-28T10:50:43.991531Z"}
{"onboarding_id": 4, "deal_id": 56981737747, "steps_count": 4, "event": "pipeline_started", "level": "info", "logger": "src.pipeline.engine", "timestamp": "2026-02-28T10:50:43.991710Z"}
{"onboarding_id": 4, "deal_id": 56981737747, "step": "create_drive_folder", "event": "step_started", "level": "info", "logger": "src.pipeline.engine", "timestamp": "2026-02-28T10:50:43.998791Z"}
{"event": "HTTP Request: GET https://www.googleapis.com/drive/v3/files?q=name+%3D+%27Canadian+Sevilla%27+and+%270AN-sodeoSVkMUk9PVA%27+in+parents+and+mimeType+%3D+%27application%2Fvnd.google-apps.folder%27+and+trashed+%3D+false&fields=files%28id%2C+name%29&includeItemsFromAllDrives=true&supportsAllDrives=true&corpora=allDrives \"HTTP/1.1 200 OK\""}
{"event": "HTTP Request: POST https://www.googleapis.com/drive/v3/files?supportsAllDrives=true&fields=id%2C+name \"HTTP/1.1 200 OK\""}
{"name": "Canadian Sevilla", "folder_id": "1gM9MREWM1a4yGQAqIt-c6pj-uLl0xEIU", "parent_id": "0AN-sodeoSVkMUk9PVA", "event": "drive_folder_created", "level": "info", "logger": "src.clients.google_drive", "timestamp": "2026-02-28T10:50:45.662220Z"}
{"deal_id": 56981737747, "company": "Canadian Sevilla", "folder_id": "1gM9MREWM1a4yGQAqIt-c6pj-uLl0xEIU", "event": "drive_client_folder_ready", "level": "info", "logger": "src.steps.create_drive_folder", "timestamp": "2026-02-28T10:50:45.662474Z"}
{"event": "HTTP Request: PATCH https://api.hubapi.com/crm/v3/objects/companies/50771288247 \"HTTP/1.1 403 Forbidden\""}
{"onboarding_id": 4, "deal_id": 56981737747, "step": "create_drive_folder", "error": "HubSpot 403: {\"status\":\"error\",\"message\":\"This app hasn't been granted all required scopes to make this call. Read more about required scopes here: https://developers.hubspot.com/scopes.\",\"correlationId\":\"f9c9d51d-ce48-439d-a86c-3638378bdd21\",\"errors\":[{\"message\":\"One or more of the following scopes are required.\",\"context\":{\"requiredGranularScopes\":[\"crm.objects.companies.write\",\"crm.schemas.companies.write\",\"crm.objects.companies.sensitive.write.v2\",\"crm.objects.companies.highly_sensitive.write.v2\"]}}],\"links\":{\"scopes\":\"https://developers.hubspot.com/scopes\"},\"category\":\"MISSING_SCOPES\"}", "event": "step_exception", "level": "error", "logger": "src.pipeline.engine", "timestamp": "2026-02-28T10:50:45.950107Z"}
{"onboarding_id": 4, "deal_id": 56981737747, "step": "create_holded_contact", "event": "step_started", "level": "info", "logger": "src.pipeline.engine", "timestamp": "2026-02-28T10:50:45.958391Z"}
{"event": "HTTP Request: POST https://api.holded.com/api/invoicing/v1/contacts \"HTTP/1.1 201 Created\""}
{"contact_id": "69a2c886c6ddffef4002d422", "name": "Canadian International School of Sevilla", "event": "holded_contact_created", "level": "info", "logger": "src.clients.holded", "timestamp": "2026-02-28T10:50:46.358063Z"}
{"event": "HTTP Request: PATCH https://api.hubapi.com/crm/v3/objects/companies/50771288247 \"HTTP/1.1 403 Forbidden\""}
{"onboarding_id": 4, "deal_id": 56981737747, "step": "create_holded_contact", "error": "HubSpot 403: {\"status\":\"error\",\"message\":\"This app hasn't been granted all required scopes to make this call. Read more about required scopes here: https://developers.hubspot.com/scopes.\",\"correlationId\":\"af47a384-fc73-4797-bbe7-954f28a51a43\",\"errors\":[{\"message\":\"One or more of the following scopes are required.\",\"context\":{\"requiredGranularScopes\":[\"crm.objects.companies.write\",\"crm.schemas.companies.write\",\"crm.objects.companies.sensitive.write.v2\",\"crm.objects.companies.highly_sensitive.write.v2\"]}}],\"links\":{\"scopes\":\"https://developers.hubspot.com/scopes\"},\"category\":\"MISSING_SCOPES\"}", "event": "step_exception", "level": "error", "logger": "src.pipeline.engine", "timestamp": "2026-02-28T10:50:46.673960Z"}
{"onboarding_id": 4, "deal_id": 56981737747, "step": "notify_slack", "event": "step_started", "level": "info", "logger": "src.pipeline.engine", "timestamp": "2026-02-28T10:50:46.679552Z"}
{"event": "HTTP Request: POST https://slack.com/api/conversations.open \"HTTP/1.1 200 OK\""}
{"event": "HTTP Request: POST https://slack.com/api/chat.postMessage \"HTTP/1.1 200 OK\""}
{"user_id": "U08L9E0TWNN", "ts": "1772275847.176529", "event": "slack_dm_sent", "level": "info", "logger": "src.clients.slack", "timestamp": "2026-02-28T10:50:47.266178Z"}
{"deal_id": 56981737747, "company": "Canadian Sevilla", "technician": "Isabel", "slack_id": "U08L9E0TWNN", "ts": "1772275847.176529", "event": "slack_dm_sent_to_technician", "level": "info", "logger": "src.steps.notify_slack", "timestamp": "2026-02-28T10:50:47.266306Z"}
{"onboarding_id": 4, "deal_id": 56981737747, "step": "notify_slack", "data": {"slack_ts": "1772275847.176529"}, "event": "step_completed", "level": "info", "logger": "src.pipeline.engine", "timestamp": "2026-02-28T10:50:47.269186Z"}
{"onboarding_id": 4, "deal_id": 56981737747, "step": "send_email", "event": "step_started", "level": "info", "logger": "src.pipeline.engine", "timestamp": "2026-02-28T10:50:47.272221Z"}
{"event": "HTTP Request: POST https://gmail.googleapis.com/gmail/v1/users/me/messages/send \"HTTP/1.1 200 OK\""}
{"to": "isabel@leanfinance.es", "subject": "Nuevo onboarding: Canadian Sevilla \u2014 Asesoramiento fiscal y contable", "message_id": "19ca3df53fa545bb", "event": "gmail_email_sent", "level": "info", "logger": "src.clients.gmail", "timestamp": "2026-02-28T10:50:47.936431Z"}
{"deal_id": 56981737747, "company": "Canadian Sevilla", "technician": "Isabel", "email": "isabel@leanfinance.es", "message_id": "19ca3df53fa545bb", "event": "email_sent_to_technician", "level": "info", "logger": "src.steps.send_email", "timestamp": "2026-02-28T10:50:47.936662Z"}
{"onboarding_id": 4, "deal_id": 56981737747, "step": "send_email", "data": {"gmail_message_id": "19ca3df53fa545bb"}, "event": "step_completed", "level": "info", "logger": "src.pipeline.engine", "timestamp": "2026-02-28T10:50:47.940654Z"}
{"onboarding_id": 4, "deal_id": 56981737747, "failed_steps": ["create_drive_folder", "create_holded_contact"], "event": "pipeline_completed_with_failures", "level": "warning", "logger": "src.pipeline.engine", "timestamp": "2026-02-28T10:50:47.940869Z"}
{"deal_id": 56981737747, "context": "retry", "status": "failed", "event": "deal_processed", "level": "info", "logger": "src.scheduler.polling_job", "timestamp": "2026-02-28T10:50:47.943219Z"}
{"event": "HTTP Request: GET https://api.hubapi.com/crm/v3/objects/deals/56935817279?properties=dealname%2Camount%2Chubspot_owner_id%2Cpipeline%2Cdealstage%2Cclosedate \"HTTP/1.1 200 OK\""}
{"event": "HTTP Request: GET https://api.hubapi.com/crm/v3/objects/deals/56935817279/associations/companies \"HTTP/1.1 200 OK\""}
{"event": "HTTP Request: GET https://api.hubapi.com/crm/v3/objects/companies/50771288247?properties=name%2Cnif%2Cgeneric_email%2Cphone%2Caddress%2Ccity%2Cstate%2Czip%2Ccountry%2Cwebsite%2Cdomain%2Ctl_holded_id%2Ctl_synced_holded%2Cdrive_folder_id%2Cdrive_folder_url \"HTTP/1.1 200 OK\""}
{"event": "HTTP Request: GET https://api.hubapi.com/crm/v3/objects/companies/50771288247/associations/contacts \"HTTP/1.1 200 OK\""}
{"event": "HTTP Request: GET https://api.hubapi.com/crm/v3/objects/contacts/199954448819?properties=firstname%2Clastname%2Cnombre_y_apellidos%2Cemail%2Cphone%2Cmobilephone%2Ccargo_en_empresa%2Cnif%2Ctecnico_enisa_asignado%2Ctecnico_subvencion_asignado%2Ccfo_asignado%2Ccfo_asignado_ii%2Casesor_fiscal_asignado%2Casesor_laboral_asignado%2Cadministrativo_asignado \"HTTP/1.1 200 OK\""}
{"service": "Asesoramiento laboral", "department": "LA", "event": "service_mapped", "level": "info", "logger": "src.services.service_mapper", "timestamp": "2026-02-28T10:50:49.723395Z"}
{"department": "LA", "dept_properties": ["asesor_laboral_asignado"], "event": "no_technician_in_deal", "level": "info", "logger": "src.services.onboarding_manager", "timestamp": "2026-02-28T10:50:49.723685Z"}
{"deal_id": 56935817279, "department": "LA", "event": "onboarding_waiting_technician", "level": "warning", "logger": "src.services.onboarding_manager", "timestamp": "2026-02-28T10:50:49.726222Z"}
{"event": "HTTP Request: POST https://slack.com/api/conversations.open \"HTTP/1.1 200 OK\""}
{"event": "HTTP Request: POST https://slack.com/api/chat.postMessage \"HTTP/1.1 200 OK\""}
{"user_id": "U076D055UNM", "ts": "1772275850.016549", "event": "slack_dm_sent", "level": "info", "logger": "src.clients.slack", "timestamp": "2026-02-28T10:50:50.100017Z"}
{"deal_id": 56935817279, "department": "LA", "responsable": "Mar\u00eda", "event": "responsable_notified_no_technician", "level": "info", "logger": "src.services.onboarding_manager", "timestamp": "2026-02-28T10:50:50.100277Z"}
{"deal_id": 56935817279, "context": "retry", "status": "waiting_technician", "event": "deal_processed", "level": "info", "logger": "src.scheduler.polling_job", "timestamp": "2026-02-28T10:50:50.100443Z"}
{"event": "HTTP Request: GET https://api.hubapi.com/crm/v3/objects/deals/56935817303?properties=dealname%2Camount%2Chubspot_owner_id%2Cpipeline%2Cdealstage%2Cclosedate \"HTTP/1.1 200 OK\""}
{"event": "HTTP Request: GET https://api.hubapi.com/crm/v3/objects/deals/56935817303/associations/companies \"HTTP/1.1 200 OK\""}
{"event": "HTTP Request: GET https://api.hubapi.com/crm/v3/objects/companies/50771288247?properties=name%2Cnif%2Cgeneric_email%2Cphone%2Caddress%2Ccity%2Cstate%2Czip%2Ccountry%2Cwebsite%2Cdomain%2Ctl_holded_id%2Ctl_synced_holded%2Cdrive_folder_id%2Cdrive_folder_url \"HTTP/1.1 200 OK\""}
{"event": "HTTP Request: GET https://api.hubapi.com/crm/v3/objects/companies/50771288247/associations/contacts \"HTTP/1.1 200 OK\""}
{"event": "HTTP Request: GET https://api.hubapi.com/crm/v3/objects/contacts/199954448819?properties=firstname%2Clastname%2Cnombre_y_apellidos%2Cemail%2Cphone%2Cmobilephone%2Ccargo_en_empresa%2Cnif%2Ctecnico_enisa_asignado%2Ctecnico_subvencion_asignado%2Ccfo_asignado%2Ccfo_asignado_ii%2Casesor_fiscal_asignado%2Casesor_laboral_asignado%2Cadministrativo_asignado \"HTTP/1.1 200 OK\""}
{"service": "ASESORAMIENTO FINANCIERO ONESHOT", "department": "FI", "event": "service_mapped", "level": "info", "logger": "src.services.service_mapper", "timestamp": "2026-02-28T10:50:51.635102Z"}
{"department": "FI", "dept_properties": ["cfo_asignado", "cfo_asignado_ii"], "event": "no_technician_in_deal", "level": "info", "logger": "src.services.onboarding_manager", "timestamp": "2026-02-28T10:50:51.635409Z"}
{"deal_id": 56935817303, "department": "FI", "event": "onboarding_waiting_technician", "level": "warning", "logger": "src.services.onboarding_manager", "timestamp": "2026-02-28T10:50:51.638537Z"}
{"event": "HTTP Request: POST https://slack.com/api/conversations.open \"HTTP/1.1 200 OK\""}
{"event": "HTTP Request: POST https://slack.com/api/chat.postMessage \"HTTP/1.1 200 OK\""}
{"user_id": "U02QKGMT6KW", "ts": "1772275851.940469", "event": "slack_dm_sent", "level": "info", "logger": "src.clients.slack", "timestamp": "2026-02-28T10:50:52.004349Z"}
{"deal_id": 56935817303, "department": "FI", "responsable": "Marita", "event": "responsable_notified_no_technician", "level": "info", "logger": "src.services.onboarding_manager", "timestamp": "2026-02-28T10:50:52.004543Z"}
{"deal_id": 56935817303, "context": "retry", "status": "waiting_technician", "event": "deal_processed", "level": "info", "logger": "src.scheduler.polling_job", "timestamp": "2026-02-28T10:50:52.004668Z"}
{"event": "HTTP Request: GET https://api.hubapi.com/crm/v3/objects/deals/57021845663?properties=dealname%2Camount%2Chubspot_owner_id%2Cpipeline%2Cdealstage%2Cclosedate \"HTTP/1.1 200 OK\""}
{"event": "HTTP Request: GET https://api.hubapi.com/crm/v3/objects/deals/57021845663/associations/companies \"HTTP/1.1 200 OK\""}
{"event": "HTTP Request: GET https://api.hubapi.com/crm/v3/objects/companies/18827145822?properties=name%2Cnif%2Cgeneric_email%2Cphone%2Caddress%2Ccity%2Cstate%2Czip%2Ccountry%2Cwebsite%2Cdomain%2Ctl_holded_id%2Ctl_synced_holded%2Cdrive_folder_id%2Cdrive_folder_url \"HTTP/1.1 200 OK\""}
{"event": "HTTP Request: GET https://api.hubapi.com/crm/v3/objects/companies/18827145822/associations/contacts \"HTTP/1.1 200 OK\""}
{"event": "HTTP Request: GET https://api.hubapi.com/crm/v3/objects/contacts/23203001?properties=firstname%2Clastname%2Cnombre_y_apellidos%2Cemail%2Cphone%2Cmobilephone%2Ccargo_en_empresa%2Cnif%2Ctecnico_enisa_asignado%2Ctecnico_subvencion_asignado%2Ccfo_asignado%2Ccfo_asignado_ii%2Casesor_fiscal_asignado%2Casesor_laboral_asignado%2Cadministrativo_asignado \"HTTP/1.1 200 OK\""}
{"service": "Pr\u00e9stamo ENISA", "department": "SU", "event": "service_mapped", "level": "info", "logger": "src.services.service_mapper", "timestamp": "2026-02-28T10:50:53.464137Z"}
{"department": "SU", "dept_properties": ["tecnico_enisa_asignado", "tecnico_subvencion_asignado"], "event": "no_technician_in_deal", "level": "info", "logger": "src.services.onboarding_manager", "timestamp": "2026-02-28T10:50:53.464426Z"}
{"deal_id": 57021845663, "department": "SU", "event": "onboarding_waiting_technician", "level": "warning", "logger": "src.services.onboarding_manager", "timestamp": "2026-02-28T10:50:53.466980Z"}
{"event": "HTTP Request: POST https://slack.com/api/conversations.open \"HTTP/1.1 200 OK\""}
{"event": "HTTP Request: POST https://slack.com/api/chat.postMessage \"HTTP/1.1 200 OK\""}
{"user_id": "U02QKGE0QP6", "ts": "1772275853.833659", "event": "slack_dm_sent", "level": "info", "logger": "src.clients.slack", "timestamp": "2026-02-28T10:50:53.900411Z"}
{"deal_id": 57021845663, "department": "SU", "responsable": "Candi", "event": "responsable_notified_no_technician", "level": "info", "logger": "src.services.onboarding_manager", "timestamp": "2026-02-28T10:50:53.900687Z"}
{"deal_id": 57021845663, "context": "retry", "status": "waiting_technician", "event": "deal_processed", "level": "info", "logger": "src.scheduler.polling_job", "timestamp": "2026-02-28T10:50:53.900829Z"}
{"event": "HTTP Request: POST https://gmail.googleapis.com/gmail/v1/users/me/messages/send \"HTTP/1.1 200 OK\""}
{"to": "mpantoja@leanfinance.es", "subject": "[LeanFinance Onboardings] Reporte: 2 con error, 3 esperando t\u00e9cnico", "message_id": "19ca3df6a2e6fa80", "event": "gmail_email_sent", "level": "info", "logger": "src.clients.gmail", "timestamp": "2026-02-28T10:50:54.449063Z"}
{"event": "cycle_report_sent", "level": "info", "logger": "src.scheduler.polling_job", "timestamp": "2026-02-28T10:50:54.449275Z"}
{"job": "polling", "event": "polling_cycle_completed", "level": "info", "logger": "src.scheduler.polling_job", "timestamp": "2026-02-28T10:50:54.449446Z"}
{"mode": "now", "event": "single_cycle_completed", "level": "info", "logger": "__main__", "timestamp": "2026-02-28T10:50:54.449567Z"}
{"mode": "now", "event": "starting", "level": "info", "logger": "__main__", "timestamp": "2026-02-28T13:04:32.217398Z"}
{"path": "onboardings.db", "event": "database_initialized", "level": "info", "logger": "src.persistence.repository", "timestamp": "2026-02-28T13:04:32.221237Z"}
{"mode": "now", "event": "running_single_cycle", "level": "info", "logger": "__main__", "timestamp": "2026-02-28T13:04:32.435949Z"}
{"job": "polling", "event": "polling_cycle_started", "level": "info", "logger": "src.scheduler.polling_job", "timestamp": "2026-02-28T13:04:32.436074Z"}
{"since": "2026-02-21T14:04:32.436122", "lookback_days": 7, "event": "deal_detection_started", "level": "info", "logger": "src.services.deal_detector", "timestamp": "2026-02-28T13:04:32.436139Z"}
{"event": "HTTP Request: POST https://api.hubapi.com/crm/v3/objects/deals/search \"HTTP/1.1 200 OK\""}
{"event": "HTTP Request: GET https://api.hubapi.com/crm/v3/objects/deals/55827474333/associations/companies \"HTTP/1.1 200 OK\""}
{"deal_id": 55827474333, "deal_name": "Neurorehabilitaci\u00f3n- Servicio legal para constituci\u00f3n de sociedad.", "event": "deal_has_no_company", "level": "warning", "logger": "src.services.deal_detector", "timestamp": "2026-02-28T13:04:33.155201Z"}
{"event": "HTTP Request: GET https://api.hubapi.com/crm/v3/objects/deals/56896701457/associations/companies \"HTTP/1.1 200 OK\""}
{"event": "HTTP Request: GET https://api.hubapi.com/crm/v3/objects/companies/50672440362?properties=name%2Cnif%2Cgeneric_email%2Cphone%2Caddress%2Ccity%2Cstate%2Czip%2Ccountry%2Cwebsite%2Cdomain%2Ctl_holded_id%2Ctl_synced_holded%2Cdrive_folder_id%2Cdrive_folder_url \"HTTP/1.1 200 OK\""}
{"event": "HTTP Request: GET https://api.hubapi.com/crm/v3/objects/companies/50672440362/associations/contacts \"HTTP/1.1 200 OK\""}
{"event": "HTTP Request: GET https://api.hubapi.com/crm/v3/objects/contacts/199262300956?properties=firstname%2Clastname%2Cnombre_y_apellidos%2Cemail%2Cphone%2Cmobilephone%2Ccargo_en_empresa%2Cnif%2Ctecnico_enisa_asignado%2Ctecnico_subvencion_asignado%2Ccfo_asignado%2Ccfo_asignado_ii%2Casesor_fiscal_asignado%2Casesor_laboral_asignado%2Cadministrativo_asignado \"HTTP/1.1 200 OK\""}
{"deal_id": 56896701457, "deal_name": "Sustrato - Asesoramiento fiscal y contable", "company": "Sustrato", "service": "Asesoramiento fiscal y contable", "technicians_count": 3, "holded_exists": false, "event": "new_deal_detected", "level": "info", "logger": "src.services.deal_detector", "timestamp": "2026-02-28T13:04:34.425976Z"}
{"new_deals_count": 1, "event": "deal_detection_completed", "level": "info", "logger": "src.services.deal_detector", "timestamp": "2026-02-28T13:04:34.435592Z"}
{"count": 1, "event": "new_deals_detected", "level": "info", "logger": "src.scheduler.polling_job", "timestamp": "2026-02-28T13:04:34.435761Z"}
{"event": "HTTP Request: GET https://sheets.googleapis.com/v4/spreadsheets/1pWvqvvY8LBpHr07G1jmMhiP3SSQG_kUHKGc_IMYM-9s/values/servicios!A:C \"HTTP/1.1 200 OK\""}
{"count": 41, "event": "sheets_services_loaded", "level": "info", "logger": "src.clients.google_sheets", "timestamp": "2026-02-28T13:04:35.275764Z"}
{"service": "Asesoramiento fiscal y contable", "department": "AS", "event": "service_mapped", "level": "info", "logger": "src.services.service_mapper", "timestamp": "2026-02-28T13:04:35.276091Z"}
{"deal_id": 56896701457, "context": "new_deal", "error": "", "event": "deal_processing_error", "level": "error", "logger": "src.scheduler.polling_job", "timestamp": "2026-02-28T13:37:33.541629Z"}
{"count": 3, "event": "pending_onboardings_found", "level": "info", "logger": "src.scheduler.polling_job", "timestamp": "2026-02-28T13:37:33.544693Z"}
{"event": "HTTP Request: GET https://api.hubapi.com/crm/v3/objects/deals/56935817279?properties=dealname%2Camount%2Chubspot_owner_id%2Cpipeline%2Cdealstage%2Cclosedate \"HTTP/1.1 200 OK\""}
{"event": "HTTP Request: GET https://api.hubapi.com/crm/v3/objects/deals/56935817279/associations/companies \"HTTP/1.1 200 OK\""}
{"event": "HTTP Request: GET https://api.hubapi.com/crm/v3/objects/companies/50771288247?properties=name%2Cnif%2Cgeneric_email%2Cphone%2Caddress%2Ccity%2Cstate%2Czip%2Ccountry%2Cwebsite%2Cdomain%2Ctl_holded_id%2Ctl_synced_holded%2Cdrive_folder_id%2Cdrive_folder_url \"HTTP/1.1 200 OK\""}
{"event": "HTTP Request: GET https://api.hubapi.com/crm/v3/objects/companies/50771288247/associations/contacts \"HTTP/1.1 200 OK\""}
{"event": "HTTP Request: GET https://api.hubapi.com/crm/v3/objects/contacts/199954448819?properties=firstname%2Clastname%2Cnombre_y_apellidos%2Cemail%2Cphone%2Cmobilephone%2Ccargo_en_empresa%2Cnif%2Ctecnico_enisa_asignado%2Ctecnico_subvencion_asignado%2Ccfo_asignado%2Ccfo_asignado_ii%2Casesor_fiscal_asignado%2Casesor_laboral_asignado%2Cadministrativo_asignado \"HTTP/1.1 200 OK\""}
{"service": "Asesoramiento laboral", "department": "LA", "event": "service_mapped", "level": "info", "logger": "src.services.service_mapper", "timestamp": "2026-02-28T13:37:35.282820Z"}
{"department": "LA", "dept_properties": ["asesor_laboral_asignado"], "event": "no_technician_in_deal", "level": "info", "logger": "src.services.onboarding_manager", "timestamp": "2026-02-28T13:37:35.283121Z"}
{"deal_id": 56935817279, "department": "LA", "event": "onboarding_waiting_technician", "level": "warning", "logger": "src.services.onboarding_manager", "timestamp": "2026-02-28T13:37:35.287552Z"}
{"event": "HTTP Request: GET https://sheets.googleapis.com/v4/spreadsheets/1pWvqvvY8LBpHr07G1jmMhiP3SSQG_kUHKGc_IMYM-9s/values/usuarios!A:G \"HTTP/1.1 200 OK\""}
{"count": 22, "event": "sheets_team_members_loaded", "level": "info", "logger": "src.clients.google_sheets", "timestamp": "2026-02-28T13:37:36.273199Z"}
{"event": "HTTP Request: POST https://slack.com/api/conversations.open \"HTTP/1.1 200 OK\""}
{"event": "HTTP Request: POST https://slack.com/api/chat.postMessage \"HTTP/1.1 200 OK\""}
{"user_id": "U076D055UNM", "ts": "1772285856.773829", "event": "slack_dm_sent", "level": "info", "logger": "src.clients.slack", "timestamp": "2026-02-28T13:37:36.838175Z"}
{"deal_id": 56935817279, "department": "LA", "responsable": "Mar\u00eda", "event": "responsable_notified_no_technician", "level": "info", "logger": "src.services.onboarding_manager", "timestamp": "2026-02-28T13:37:36.838450Z"}
{"deal_id": 56935817279, "context": "retry", "status": "waiting_technician", "event": "deal_processed", "level": "info", "logger": "src.scheduler.polling_job", "timestamp": "2026-02-28T13:37:36.838611Z"}
{"event": "HTTP Request: GET https://api.hubapi.com/crm/v3/objects/deals/56935817303?properties=dealname%2Camount%2Chubspot_owner_id%2Cpipeline%2Cdealstage%2Cclosedate \"HTTP/1.1 200 OK\""}
{"event": "HTTP Request: GET https://api.hubapi.com/crm/v3/objects/deals/56935817303/associations/companies \"HTTP/1.1 200 OK\""}
{"event": "HTTP Request: GET https://api.hubapi.com/crm/v3/objects/companies/50771288247?properties=name%2Cnif%2Cgeneric_email%2Cphone%2Caddress%2Ccity%2Cstate%2Czip%2Ccountry%2Cwebsite%2Cdomain%2Ctl_holded_id%2Ctl_synced_holded%2Cdrive_folder_id%2Cdrive_folder_url \"HTTP/1.1 200 OK\""}
{"event": "HTTP Request: GET https://api.hubapi.com/crm/v3/objects/companies/50771288247/associations/contacts \"HTTP/1.1 200 OK\""}
{"event": "HTTP Request: GET https://api.hubapi.com/crm/v3/objects/contacts/199954448819?properties=firstname%2Clastname%2Cnombre_y_apellidos%2Cemail%2Cphone%2Cmobilephone%2Ccargo_en_empresa%2Cnif%2Ctecnico_enisa_asignado%2Ctecnico_subvencion_asignado%2Ccfo_asignado%2Ccfo_asignado_ii%2Casesor_fiscal_asignado%2Casesor_laboral_asignado%2Cadministrativo_asignado \"HTTP/1.1 200 OK\""}
{"service": "ASESORAMIENTO FINANCIERO ONESHOT", "department": "FI", "event": "service_mapped", "level": "info", "logger": "src.services.service_mapper", "timestamp": "2026-02-28T13:37:38.389507Z"}
{"department": "FI", "dept_properties": ["cfo_asignado", "cfo_asignado_ii"], "event": "no_technician_in_deal", "level": "info", "logger": "src.services.onboarding_manager", "timestamp": "2026-02-28T13:37:38.389800Z"}
{"deal_id": 56935817303, "department": "FI", "event": "onboarding_waiting_technician", "level": "warning", "logger": "src.services.onboarding_manager", "timestamp": "2026-02-28T13:37:38.392590Z"}
{"event": "HTTP Request: POST https://slack.com/api/conversations.open \"HTTP/1.1 200 OK\""}
{"event": "HTTP Request: POST https://slack.com/api/chat.postMessage \"HTTP/1.1 200 OK\""}
{"user_id": "U02QKGMT6KW", "ts": "1772285858.688469", "event": "slack_dm_sent", "level": "info", "logger": "src.clients.slack", "timestamp": "2026-02-28T13:37:38.762573Z"}
{"deal_id": 56935817303, "department": "FI", "responsable": "Marita", "event": "responsable_notified_no_technician", "level": "info", "logger": "src.services.onboarding_manager", "timestamp": "2026-02-28T13:37:38.762885Z"}
{"deal_id": 56935817303, "context": "retry", "status": "waiting_technician", "event": "deal_processed", "level": "info", "logger": "src.scheduler.polling_job", "timestamp": "2026-02-28T13:37:38.763042Z"}
{"method": "GET", "url": "/crm/v3/objects/deals/57021845663", "attempt": 1, "error": "", "event": "hubspot_request_error", "level": "warning", "logger": "src.clients.hubspot", "timestamp": "2026-02-28T14:32:36.416065Z"}
{"method": "GET", "url": "/crm/v3/objects/deals/57021845663", "attempt": 2, "error": "", "event": "hubspot_request_error", "level": "warning", "logger": "src.clients.hubspot", "timestamp": "2026-02-28T14:49:20.239423Z"}
{"event": "HTTP Request: GET https://api.hubapi.com/crm/v3/objects/deals/57021845663?properties=dealname%2Camount%2Chubspot_owner_id%2Cpipeline%2Cdealstage%2Cclosedate \"HTTP/1.1 200 OK\""}
{"event": "HTTP Request: GET https://api.hubapi.com/crm/v3/objects/deals/57021845663/associations/companies \"HTTP/1.1 200 OK\""}
{"event": "HTTP Request: GET https://api.hubapi.com/crm/v3/objects/companies/18827145822?properties=name%2Cnif%2Cgeneric_email%2Cphone%2Caddress%2Ccity%2Cstate%2Czip%2Ccountry%2Cwebsite%2Cdomain%2Ctl_holded_id%2Ctl_synced_holded%2Cdrive_folder_id%2Cdrive_folder_url \"HTTP/1.1 200 OK\""}
{"event": "HTTP Request: GET https://api.hubapi.com/crm/v3/objects/companies/18827145822/associations/contacts \"HTTP/1.1 200 OK\""}
{"event": "HTTP Request: GET https://api.hubapi.com/crm/v3/objects/contacts/23203001?properties=firstname%2Clastname%2Cnombre_y_apellidos%2Cemail%2Cphone%2Cmobilephone%2Ccargo_en_empresa%2Cnif%2Ctecnico_enisa_asignado%2Ctecnico_subvencion_asignado%2Ccfo_asignado%2Ccfo_asignado_ii%2Casesor_fiscal_asignado%2Casesor_laboral_asignado%2Cadministrativo_asignado \"HTTP/1.1 200 OK\""}
{"service": "Pr\u00e9stamo ENISA", "department": "SU", "event": "service_mapped", "level": "info", "logger": "src.services.service_mapper", "timestamp": "2026-02-28T15:07:12.596921Z"}
{"department": "SU", "dept_properties": ["tecnico_enisa_asignado", "tecnico_subvencion_asignado"], "event": "no_technician_in_deal", "level": "info", "logger": "src.services.onboarding_manager", "timestamp": "2026-02-28T15:07:12.597227Z"}
{"deal_id": 57021845663, "department": "SU", "event": "onboarding_waiting_technician", "level": "warning", "logger": "src.services.onboarding_manager", "timestamp": "2026-02-28T15:07:12.600027Z"}
{"event": "HTTP Request: POST https://slack.com/api/conversations.open \"HTTP/1.1 200 OK\""}
{"event": "HTTP Request: POST https://slack.com/api/chat.postMessage \"HTTP/1.1 200 OK\""}
{"user_id": "U02QKGE0QP6", "ts": "1772291232.963709", "event": "slack_dm_sent", "level": "info", "logger": "src.clients.slack", "timestamp": "2026-02-28T15:07:13.100499Z"}
{"deal_id": 57021845663, "department": "SU", "responsable": "Candi", "event": "responsable_notified_no_technician", "level": "info", "logger": "src.services.onboarding_manager", "timestamp": "2026-02-28T15:07:13.100757Z"}
{"deal_id": 57021845663, "context": "retry", "status": "waiting_technician", "event": "deal_processed", "level": "info", "logger": "src.scheduler.polling_job", "timestamp": "2026-02-28T15:07:13.100912Z"}
{"event": "HTTP Request: POST https://gmail.googleapis.com/gmail/v1/users/me/messages/send \"HTTP/1.1 401 Unauthorized\""}
{"error": "Gmail 401: {\n  \"error\": {\n    \"code\": 401,\n    \"message\": \"Request had invalid authentication credentials. Expected OAuth 2 access token, login cookie or other valid authentication credential. See https://developers.google.com/identity/sign-in/web/devconsole-project.\",\n    \"errors\": [\n      {\n        \"message\": \"Invalid Credentials\",\n        \"domain\": \"global\",\n        \"reason\": \"authError\",\n        \"location\": \"Authorization\",\n        \"locationType\": \"header\"\n      }\n    ],\n    \"status\": \"UNAUTHENTICATED\"\n  }\n}\n", "event": "cycle_report_email_error", "level": "error", "logger": "src.scheduler.polling_job", "timestamp": "2026-02-28T15:07:13.264387Z"}
{"job": "polling", "event": "polling_cycle_completed", "level": "info", "logger": "src.scheduler.polling_job", "timestamp": "2026-02-28T15:07:13.264632Z"}
{"mode": "now", "event": "single_cycle_completed", "level": "info", "logger": "__main__", "timestamp": "2026-02-28T15:07:13.264705Z"}
{"mode": "now", "event": "starting", "level": "info", "logger": "__main__", "timestamp": "2026-03-01T09:07:07.340120Z"}
{"path": "onboardings.db", "event": "database_initialized", "level": "info", "logger": "src.persistence.repository", "timestamp": "2026-03-01T09:07:07.344073Z"}
{"mode": "now", "event": "running_single_cycle", "level": "info", "logger": "__main__", "timestamp": "2026-03-01T09:07:07.592304Z"}
{"job": "polling", "event": "polling_cycle_started", "level": "info", "logger": "src.scheduler.polling_job", "timestamp": "2026-03-01T09:07:07.592391Z"}
{"since": "2026-02-22T10:07:07.592422", "lookback_days": 7, "event": "deal_detection_started", "level": "info", "logger": "src.services.deal_detector", "timestamp": "2026-03-01T09:07:07.592435Z"}
{"event": "HTTP Request: POST https://api.hubapi.com/crm/v3/objects/deals/search \"HTTP/1.1 200 OK\""}
{"event": "HTTP Request: GET https://api.hubapi.com/crm/v3/objects/deals/55827474333/associations/companies \"HTTP/1.1 200 OK\""}
{"deal_id": 55827474333, "deal_name": "Neurorehabilitaci\u00f3n- Servicio legal para constituci\u00f3n de sociedad.", "event": "deal_has_no_company", "level": "warning", "logger": "src.services.deal_detector", "timestamp": "2026-03-01T09:07:08.225724Z"}
{"event": "HTTP Request: GET https://api.hubapi.com/crm/v3/objects/deals/56896701457/associations/companies \"HTTP/1.1 200 OK\""}
{"event": "HTTP Request: GET https://api.hubapi.com/crm/v3/objects/companies/50672440362?properties=name%2Cnif%2Cgeneric_email%2Cphone%2Caddress%2Ccity%2Cstate%2Czip%2Ccountry%2Cwebsite%2Cdomain%2Ctl_holded_id%2Ctl_synced_holded%2Cdrive_folder_id%2Cdrive_folder_url \"HTTP/1.1 200 OK\""}
{"event": "HTTP Request: GET https://api.hubapi.com/crm/v3/objects/companies/50672440362/associations/contacts \"HTTP/1.1 200 OK\""}
{"event": "HTTP Request: GET https://api.hubapi.com/crm/v3/objects/contacts/199262300956?properties=firstname%2Clastname%2Cnombre_y_apellidos%2Cemail%2Cphone%2Cmobilephone%2Ccargo_en_empresa%2Cnif%2Ctecnico_enisa_asignado%2Ctecnico_subvencion_asignado%2Ccfo_asignado%2Ccfo_asignado_ii%2Casesor_fiscal_asignado%2Casesor_laboral_asignado%2Cadministrativo_asignado \"HTTP/1.1 200 OK\""}
{"deal_id": 56896701457, "deal_name": "Sustrato - Asesoramiento fiscal y contable", "company": "Sustrato", "service": "Asesoramiento fiscal y contable", "technicians_count": 3, "holded_exists": false, "event": "new_deal_detected", "level": "info", "logger": "src.services.deal_detector", "timestamp": "2026-03-01T09:07:09.436390Z"}
{"new_deals_count": 1, "event": "deal_detection_completed", "level": "info", "logger": "src.services.deal_detector", "timestamp": "2026-03-01T09:07:09.447322Z"}
{"count": 1, "event": "new_deals_detected", "level": "info", "logger": "src.scheduler.polling_job", "timestamp": "2026-03-01T09:07:09.447499Z"}
{"event": "HTTP Request: GET https://sheets.googleapis.com/v4/spreadsheets/1pWvqvvY8LBpHr07G1jmMhiP3SSQG_kUHKGc_IMYM-9s/values/servicios!A:C \"HTTP/1.1 200 OK\""}
{"count": 41, "event": "sheets_services_loaded", "level": "info", "logger": "src.clients.google_sheets", "timestamp": "2026-03-01T09:07:10.281676Z"}
{"service": "Asesoramiento fiscal y contable", "department": "AS", "event": "service_mapped", "level": "info", "logger": "src.services.service_mapper", "timestamp": "2026-03-01T09:07:10.281960Z"}
{"event": "HTTP Request: GET https://sheets.googleapis.com/v4/spreadsheets/1pWvqvvY8LBpHr07G1jmMhiP3SSQG_kUHKGc_IMYM-9s/values/usuarios!A:G \"HTTP/1.1 200 OK\""}
{"count": 22, "event": "sheets_team_members_loaded", "level": "info", "logger": "src.clients.google_sheets", "timestamp": "2026-03-01T09:07:10.507721Z"}
{"department": "AS", "technician": "Lorena", "event": "technician_resolved", "level": "info", "logger": "src.services.onboarding_manager", "timestamp": "2026-03-01T09:07:10.508003Z"}
{"deal_id": 56896701457, "context": "new_deal", "error": "UNIQUE constraint failed: onboarding_technicians.onboarding_id, onboarding_technicians.hubspot_tec_id", "event": "deal_processing_error", "level": "error", "logger": "src.scheduler.polling_job", "timestamp": "2026-03-01T09:07:10.513118Z"}
{"count": 3, "event": "pending_onboardings_found", "level": "info", "logger": "src.scheduler.polling_job", "timestamp": "2026-03-01T09:07:10.515634Z"}
{"event": "HTTP Request: GET https://api.hubapi.com/crm/v3/objects/deals/56935817279?properties=dealname%2Camount%2Chubspot_owner_id%2Cpipeline%2Cdealstage%2Cclosedate \"HTTP/1.1 200 OK\""}
{"event": "HTTP Request: GET https://api.hubapi.com/crm/v3/objects/deals/56935817279/associations/companies \"HTTP/1.1 200 OK\""}
{"event": "HTTP Request: GET https://api.hubapi.com/crm/v3/objects/companies/50771288247?properties=name%2Cnif%2Cgeneric_email%2Cphone%2Caddress%2Ccity%2Cstate%2Czip%2Ccountry%2Cwebsite%2Cdomain%2Ctl_holded_id%2Ctl_synced_holded%2Cdrive_folder_id%2Cdrive_folder_url \"HTTP/1.1 200 OK\""}
{"method": "GET", "url": "/crm/v3/objects/companies/50771288247/associations/contacts", "attempt": 1, "error": "", "event": "hubspot_request_error", "level": "warning", "logger": "src.clients.hubspot", "timestamp": "2026-03-01T10:07:34.658521Z"}
{"method": "GET", "url": "/crm/v3/objects/companies/50771288247/associations/contacts", "attempt": 2, "error": "", "event": "hubspot_request_error", "level": "warning", "logger": "src.clients.hubspot", "timestamp": "2026-03-01T10:33:34.498730Z"}
{"event": "HTTP Request: GET https://api.hubapi.com/crm/v3/objects/companies/50771288247/associations/contacts \"HTTP/1.1 200 OK\""}
{"event": "HTTP Request: GET https://api.hubapi.com/crm/v3/objects/contacts/199954448819?properties=firstname%2Clastname%2Cnombre_y_apellidos%2Cemail%2Cphone%2Cmobilephone%2Ccargo_en_empresa%2Cnif%2Ctecnico_enisa_asignado%2Ctecnico_subvencion_asignado%2Ccfo_asignado%2Ccfo_asignado_ii%2Casesor_fiscal_asignado%2Casesor_laboral_asignado%2Cadministrativo_asignado \"HTTP/1.1 200 OK\""}
{"service": "Asesoramiento laboral", "department": "LA", "event": "service_mapped", "level": "info", "logger": "src.services.service_mapper", "timestamp": "2026-03-01T10:33:37.324179Z"}
{"department": "LA", "dept_properties": ["asesor_laboral_asignado"], "event": "no_technician_in_deal", "level": "info", "logger": "src.services.onboarding_manager", "timestamp": "2026-03-01T10:33:37.324577Z"}
{"deal_id": 56935817279, "department": "LA", "event": "onboarding_waiting_technician", "level": "warning", "logger": "src.services.onboarding_manager", "timestamp": "2026-03-01T10:33:37.328384Z"}
{"event": "HTTP Request: POST https://slack.com/api/conversations.open \"HTTP/1.1 200 OK\""}
{"event": "HTTP Request: POST https://slack.com/api/chat.postMessage \"HTTP/1.1 200 OK\""}
{"user_id": "U076D055UNM", "ts": "1772361217.918829", "event": "slack_dm_sent", "level": "info", "logger": "src.clients.slack", "timestamp": "2026-03-01T10:33:37.985385Z"}
{"deal_id": 56935817279, "department": "LA", "responsable": "Mar\u00eda", "event": "responsable_notified_no_technician", "level": "info", "logger": "src.services.onboarding_manager", "timestamp": "2026-03-01T10:33:37.985691Z"}
{"deal_id": 56935817279, "context": "retry", "status": "waiting_technician", "event": "deal_processed", "level": "info", "logger": "src.scheduler.polling_job", "timestamp": "2026-03-01T10:33:37.986006Z"}
{"event": "HTTP Request: GET https://api.hubapi.com/crm/v3/objects/deals/56935817303?properties=dealname%2Camount%2Chubspot_owner_id%2Cpipeline%2Cdealstage%2Cclosedate \"HTTP/1.1 200 OK\""}
{"event": "HTTP Request: GET https://api.hubapi.com/crm/v3/objects/deals/56935817303/associations/companies \"HTTP/1.1 200 OK\""}
{"event": "HTTP Request: GET https://api.hubapi.com/crm/v3/objects/companies/50771288247?properties=name%2Cnif%2Cgeneric_email%2Cphone%2Caddress%2Ccity%2Cstate%2Czip%2Ccountry%2Cwebsite%2Cdomain%2Ctl_holded_id%2Ctl_synced_holded%2Cdrive_folder_id%2Cdrive_folder_url \"HTTP/1.1 200 OK\""}
{"event": "HTTP Request: GET https://api.hubapi.com/crm/v3/objects/companies/50771288247/associations/contacts \"HTTP/1.1 200 OK\""}
{"event": "HTTP Request: GET https://api.hubapi.com/crm/v3/objects/contacts/199954448819?properties=firstname%2Clastname%2Cnombre_y_apellidos%2Cemail%2Cphone%2Cmobilephone%2Ccargo_en_empresa%2Cnif%2Ctecnico_enisa_asignado%2Ctecnico_subvencion_asignado%2Ccfo_asignado%2Ccfo_asignado_ii%2Casesor_fiscal_asignado%2Casesor_laboral_asignado%2Cadministrativo_asignado \"HTTP/1.1 200 OK\""}
{"service": "ASESORAMIENTO FINANCIERO ONESHOT", "department": "FI", "event": "service_mapped", "level": "info", "logger": "src.services.service_mapper", "timestamp": "2026-03-01T10:33:39.562869Z"}
{"department": "FI", "dept_properties": ["cfo_asignado", "cfo_asignado_ii"], "event": "no_technician_in_deal", "level": "info", "logger": "src.services.onboarding_manager", "timestamp": "2026-03-01T10:33:39.563163Z"}
{"deal_id": 56935817303, "department": "FI", "event": "onboarding_waiting_technician", "level": "warning", "logger": "src.services.onboarding_manager", "timestamp": "2026-03-01T10:33:39.566499Z"}
{"event": "HTTP Request: POST https://slack.com/api/conversations.open \"HTTP/1.1 200 OK\""}
{"event": "HTTP Request: POST https://slack.com/api/chat.postMessage \"HTTP/1.1 200 OK\""}
{"user_id": "U02QKGMT6KW", "ts": "1772361220.155399", "event": "slack_dm_sent", "level": "info", "logger": "src.clients.slack", "timestamp": "2026-03-01T10:33:40.322130Z"}
{"deal_id": 56935817303, "department": "FI", "responsable": "Marita", "event": "responsable_notified_no_technician", "level": "info", "logger": "src.services.onboarding_manager", "timestamp": "2026-03-01T10:33:40.322423Z"}
{"deal_id": 56935817303, "context": "retry", "status": "waiting_technician", "event": "deal_processed", "level": "info", "logger": "src.scheduler.polling_job", "timestamp": "2026-03-01T10:33:40.322579Z"}
{"event": "HTTP Request: GET https://api.hubapi.com/crm/v3/objects/deals/57021845663?properties=dealname%2Camount%2Chubspot_owner_id%2Cpipeline%2Cdealstage%2Cclosedate \"HTTP/1.1 200 OK\""}
{"event": "HTTP Request: GET https://api.hubapi.com/crm/v3/objects/deals/57021845663/associations/companies \"HTTP/1.1 200 OK\""}
{"event": "HTTP Request: GET https://api.hubapi.com/crm/v3/objects/companies/18827145822?properties=name%2Cnif%2Cgeneric_email%2Cphone%2Caddress%2Ccity%2Cstate%2Czip%2Ccountry%2Cwebsite%2Cdomain%2Ctl_holded_id%2Ctl_synced_holded%2Cdrive_folder_id%2Cdrive_folder_url \"HTTP/1.1 200 OK\""}
{"event": "HTTP Request: GET https://api.hubapi.com/crm/v3/objects/companies/18827145822/associations/contacts \"HTTP/1.1 200 OK\""}
{"event": "HTTP Request: GET https://api.hubapi.com/crm/v3/objects/contacts/23203001?properties=firstname%2Clastname%2Cnombre_y_apellidos%2Cemail%2Cphone%2Cmobilephone%2Ccargo_en_empresa%2Cnif%2Ctecnico_enisa_asignado%2Ctecnico_subvencion_asignado%2Ccfo_asignado%2Ccfo_asignado_ii%2Casesor_fiscal_asignado%2Casesor_laboral_asignado%2Cadministrativo_asignado \"HTTP/1.1 200 OK\""}
{"service": "Pr\u00e9stamo ENISA", "department": "SU", "event": "service_mapped", "level": "info", "logger": "src.services.service_mapper", "timestamp": "2026-03-01T10:33:41.772562Z"}
{"department": "SU", "dept_properties": ["tecnico_enisa_asignado", "tecnico_subvencion_asignado"], "event": "no_technician_in_deal", "level": "info", "logger": "src.services.onboarding_manager", "timestamp": "2026-03-01T10:33:41.772880Z"}
{"deal_id": 57021845663, "department": "SU", "event": "onboarding_waiting_technician", "level": "warning", "logger": "src.services.onboarding_manager", "timestamp": "2026-03-01T10:33:41.776125Z"}
{"event": "HTTP Request: POST https://slack.com/api/conversations.open \"HTTP/1.1 200 OK\""}
{"event": "HTTP Request: POST https://slack.com/api/chat.postMessage \"HTTP/1.1 200 OK\""}
{"user_id": "U02QKGE0QP6", "ts": "1772361222.069479", "event": "slack_dm_sent", "level": "info", "logger": "src.clients.slack", "timestamp": "2026-03-01T10:33:42.138256Z"}
{"deal_id": 57021845663, "department": "SU", "responsable": "Candi", "event": "responsable_notified_no_technician", "level": "info", "logger": "src.services.onboarding_manager", "timestamp": "2026-03-01T10:33:42.138541Z"}
{"deal_id": 57021845663, "context": "retry", "status": "waiting_technician", "event": "deal_processed", "level": "info", "logger": "src.scheduler.polling_job", "timestamp": "2026-03-01T10:33:42.138719Z"}
{"event": "HTTP Request: POST https://gmail.googleapis.com/gmail/v1/users/me/messages/send \"HTTP/1.1 401 Unauthorized\""}
{"error": "Gmail 401: {\n  \"error\": {\n    \"code\": 401,\n    \"message\": \"Request had invalid authentication credentials. Expected OAuth 2 access token, login cookie or other valid authentication credential. See https://developers.google.com/identity/sign-in/web/devconsole-project.\",\n    \"errors\": [\n      {\n        \"message\": \"Invalid Credentials\",\n        \"domain\": \"global\",\n        \"reason\": \"authError\",\n        \"location\": \"Authorization\",\n        \"locationType\": \"header\"\n      }\n    ],\n    \"status\": \"UNAUTHENTICATED\"\n  }\n}\n", "event": "cycle_report_email_error", "level": "error", "logger": "src.scheduler.polling_job", "timestamp": "2026-03-01T10:33:42.413961Z"}
{"job": "polling", "event": "polling_cycle_completed", "level": "info", "logger": "src.scheduler.polling_job", "timestamp": "2026-03-01T10:33:42.414348Z"}
{"mode": "now", "event": "single_cycle_completed", "level": "info", "logger": "__main__", "timestamp": "2026-03-01T10:33:42.414483Z"}
{"mode": "now", "event": "starting", "level": "info", "logger": "__main__", "timestamp": "2026-03-01T12:50:05.465054Z"}
{"path": "onboardings.db", "event": "database_initialized", "level": "info", "logger": "src.persistence.repository", "timestamp": "2026-03-01T12:50:05.468045Z"}
{"mode": "now", "event": "running_single_cycle", "level": "info", "logger": "__main__", "timestamp": "2026-03-01T12:50:05.517128Z"}
{"job": "polling", "event": "polling_cycle_started", "level": "info", "logger": "src.scheduler.polling_job", "timestamp": "2026-03-01T12:50:05.517199Z"}
{"since": "2026-02-22T13:50:05.517226", "lookback_days": 7, "event": "deal_detection_started", "level": "info", "logger": "src.services.deal_detector", "timestamp": "2026-03-01T12:50:05.517237Z"}
{"event": "HTTP Request: POST https://api.hubapi.com/crm/v3/objects/deals/search \"HTTP/1.1 200 OK\""}
{"event": "HTTP Request: GET https://api.hubapi.com/crm/v3/objects/deals/55827474333/associations/companies \"HTTP/1.1 200 OK\""}
{"deal_id": 55827474333, "deal_name": "Neurorehabilitaci\u00f3n- Servicio legal para constituci\u00f3n de sociedad.", "event": "deal_has_no_company", "level": "warning", "logger": "src.services.deal_detector", "timestamp": "2026-03-01T12:50:06.339669Z"}
{"event": "HTTP Request: GET https://api.hubapi.com/crm/v3/objects/deals/56896701457/associations/companies \"HTTP/1.1 200 OK\""}
{"event": "HTTP Request: GET https://api.hubapi.com/crm/v3/objects/companies/50672440362?properties=name%2Cnif%2Cgeneric_email%2Cphone%2Caddress%2Ccity%2Cstate%2Czip%2Ccountry%2Cwebsite%2Cdomain%2Ctl_holded_id%2Ctl_synced_holded%2Cdrive_folder_id%2Cdrive_folder_url \"HTTP/1.1 200 OK\""}
{"event": "HTTP Request: GET https://api.hubapi.com/crm/v3/objects/companies/50672440362/associations/contacts \"HTTP/1.1 200 OK\""}
{"event": "HTTP Request: GET https://api.hubapi.com/crm/v3/objects/contacts/199262300956?properties=firstname%2Clastname%2Cnombre_y_apellidos%2Cemail%2Cphone%2Cmobilephone%2Ccargo_en_empresa%2Cnif%2Ctecnico_enisa_asignado%2Ctecnico_subvencion_asignado%2Ccfo_asignado%2Ccfo_asignado_ii%2Casesor_fiscal_asignado%2Casesor_laboral_asignado%2Cadministrativo_asignado \"HTTP/1.1 200 OK\""}
{"deal_id": 56896701457, "deal_name": "Sustrato - Asesoramiento fiscal y contable", "company": "Sustrato", "service": "Asesoramiento fiscal y contable", "technicians_count": 3, "holded_exists": false, "event": "new_deal_detected", "level": "info", "logger": "src.services.deal_detector", "timestamp": "2026-03-01T12:50:08.103294Z"}
{"new_deals_count": 1, "event": "deal_detection_completed", "level": "info", "logger": "src.services.deal_detector", "timestamp": "2026-03-01T12:50:08.112798Z"}
{"count": 1, "event": "new_deals_detected", "level": "info", "logger": "src.scheduler.polling_job", "timestamp": "2026-03-01T12:50:08.112984Z"}
{"event": "HTTP Request: GET https://sheets.googleapis.com/v4/spreadsheets/1pWvqvvY8LBpHr07G1jmMhiP3SSQG_kUHKGc_IMYM-9s/values/servicios!A:C \"HTTP/1.1 200 OK\""}
{"count": 41, "event": "sheets_services_loaded", "level": "info", "logger": "src.clients.google_sheets", "timestamp": "2026-03-01T12:50:08.991711Z"}
{"service": "Asesoramiento fiscal y contable", "department": "AS", "event": "service_mapped", "level": "info", "logger": "src.services.service_mapper", "timestamp": "2026-03-01T12:50:08.991988Z"}
{"event": "HTTP Request: GET https://sheets.googleapis.com/v4/spreadsheets/1pWvqvvY8LBpHr07G1jmMhiP3SSQG_kUHKGc_IMYM-9s/values/usuarios!A:G \"HTTP/1.1 200 OK\""}
{"count": 22, "event": "sheets_team_members_loaded", "level": "info", "logger": "src.clients.google_sheets", "timestamp": "2026-03-01T12:50:09.735353Z"}
{"department": "AS", "technician": "Lorena", "event": "technician_resolved", "level": "info", "logger": "src.services.onboarding_manager", "timestamp": "2026-03-01T12:50:09.735605Z"}
{"deal_id": 56896701457, "context": "new_deal", "error": "UNIQUE constraint failed: onboarding_technicians.onboarding_id, onboarding_technicians.hubspot_tec_id", "event": "deal_processing_error", "level": "error", "logger": "src.scheduler.polling_job", "timestamp": "2026-03-01T12:50:09.739375Z"}
{"count": 3, "event": "pending_onboardings_found", "level": "info", "logger": "src.scheduler.polling_job", "timestamp": "2026-03-01T12:50:09.742028Z"}
{"event": "HTTP Request: GET https://api.hubapi.com/crm/v3/objects/deals/56935817279?properties=dealname%2Camount%2Chubspot_owner_id%2Cpipeline%2Cdealstage%2Cclosedate \"HTTP/1.1 200 OK\""}
{"event": "HTTP Request: GET https://api.hubapi.com/crm/v3/objects/deals/56935817279/associations/companies \"HTTP/1.1 200 OK\""}
{"event": "HTTP Request: GET https://api.hubapi.com/crm/v3/objects/companies/50771288247?properties=name%2Cnif%2Cgeneric_email%2Cphone%2Caddress%2Ccity%2Cstate%2Czip%2Ccountry%2Cwebsite%2Cdomain%2Ctl_holded_id%2Ctl_synced_holded%2Cdrive_folder_id%2Cdrive_folder_url \"HTTP/1.1 200 OK\""}
{"event": "HTTP Request: GET https://api.hubapi.com/crm/v3/objects/companies/50771288247/associations/contacts \"HTTP/1.1 200 OK\""}
{"event": "HTTP Request: GET https://api.hubapi.com/crm/v3/objects/contacts/199954448819?properties=firstname%2Clastname%2Cnombre_y_apellidos%2Cemail%2Cphone%2Cmobilephone%2Ccargo_en_empresa%2Cnif%2Ctecnico_enisa_asignado%2Ctecnico_subvencion_asignado%2Ccfo_asignado%2Ccfo_asignado_ii%2Casesor_fiscal_asignado%2Casesor_laboral_asignado%2Cadministrativo_asignado \"HTTP/1.1 200 OK\""}
{"service": "Asesoramiento laboral", "department": "LA", "event": "service_mapped", "level": "info", "logger": "src.services.service_mapper", "timestamp": "2026-03-01T12:50:11.472505Z"}
{"department": "LA", "dept_properties": ["asesor_laboral_asignado"], "event": "no_technician_in_deal", "level": "info", "logger": "src.services.onboarding_manager", "timestamp": "2026-03-01T12:50:11.472763Z"}
{"deal_id": 56935817279, "department": "LA", "event": "onboarding_waiting_technician", "level": "warning", "logger": "src.services.onboarding_manager", "timestamp": "2026-03-01T12:50:11.475675Z"}
{"deal_id": 56935817279, "department": "LA", "reason": "notified_less_than_2_days_ago", "event": "slack_reminder_skipped", "level": "info", "logger": "src.services.onboarding_manager", "timestamp": "2026-03-01T12:50:11.475870Z"}
{"deal_id": 56935817279, "context": "retry", "status": "waiting_technician", "event": "deal_processed", "level": "info", "logger": "src.scheduler.polling_job", "timestamp": "2026-03-01T12:50:11.475982Z"}
{"event": "HTTP Request: GET https://api.hubapi.com/crm/v3/objects/deals/56935817303?properties=dealname%2Camount%2Chubspot_owner_id%2Cpipeline%2Cdealstage%2Cclosedate \"HTTP/1.1 200 OK\""}
{"event": "HTTP Request: GET https://api.hubapi.com/crm/v3/objects/deals/56935817303/associations/companies \"HTTP/1.1 200 OK\""}
{"event": "HTTP Request: GET https://api.hubapi.com/crm/v3/objects/companies/50771288247?properties=name%2Cnif%2Cgeneric_email%2Cphone%2Caddress%2Ccity%2Cstate%2Czip%2Ccountry%2Cwebsite%2Cdomain%2Ctl_holded_id%2Ctl_synced_holded%2Cdrive_folder_id%2Cdrive_folder_url \"HTTP/1.1 200 OK\""}
{"event": "HTTP Request: GET https://api.hubapi.com/crm/v3/objects/companies/50771288247/associations/contacts \"HTTP/1.1 200 OK\""}
{"event": "HTTP Request: GET https://api.hubapi.com/crm/v3/objects/contacts/199954448819?properties=firstname%2Clastname%2Cnombre_y_apellidos%2Cemail%2Cphone%2Cmobilephone%2Ccargo_en_empresa%2Cnif%2Ctecnico_enisa_asignado%2Ctecnico_subvencion_asignado%2Ccfo_asignado%2Ccfo_asignado_ii%2Casesor_fiscal_asignado%2Casesor_laboral_asignado%2Cadministrativo_asignado \"HTTP/1.1 200 OK\""}
{"service": "ASESORAMIENTO FINANCIERO ONESHOT", "department": "FI", "event": "service_mapped", "level": "info", "logger": "src.services.service_mapper", "timestamp": "2026-03-01T12:50:13.194114Z"}
{"department": "FI", "dept_properties": ["cfo_asignado", "cfo_asignado_ii"], "event": "no_technician_in_deal", "level": "info", "logger": "src.services.onboarding_manager", "timestamp": "2026-03-01T12:50:13.194404Z"}
{"deal_id": 56935817303, "department": "FI", "event": "onboarding_waiting_technician", "level": "warning", "logger": "src.services.onboarding_manager", "timestamp": "2026-03-01T12:50:13.197622Z"}
{"deal_id": 56935817303, "department": "FI", "reason": "notified_less_than_2_days_ago", "event": "slack_reminder_skipped", "level": "info", "logger": "src.services.onboarding_manager", "timestamp": "2026-03-01T12:50:13.197737Z"}
{"deal_id": 56935817303, "context": "retry", "status": "waiting_technician", "event": "deal_processed", "level": "info", "logger": "src.scheduler.polling_job", "timestamp": "2026-03-01T12:50:13.197789Z"}
{"event": "HTTP Request: GET https://api.hubapi.com/crm/v3/objects/deals/57021845663?properties=dealname%2Camount%2Chubspot_owner_id%2Cpipeline%2Cdealstage%2Cclosedate \"HTTP/1.1 200 OK\""}
{"event": "HTTP Request: GET https://api.hubapi.com/crm/v3/objects/deals/57021845663/associations/companies \"HTTP/1.1 200 OK\""}
{"event": "HTTP Request: GET https://api.hubapi.com/crm/v3/objects/companies/18827145822?properties=name%2Cnif%2Cgeneric_email%2Cphone%2Caddress%2Ccity%2Cstate%2Czip%2Ccountry%2Cwebsite%2Cdomain%2Ctl_holded_id%2Ctl_synced_holded%2Cdrive_folder_id%2Cdrive_folder_url \"HTTP/1.1 200 OK\""}
{"event": "HTTP Request: GET https://api.hubapi.com/crm/v3/objects/companies/18827145822/associations/contacts \"HTTP/1.1 200 OK\""}
{"event": "HTTP Request: GET https://api.hubapi.com/crm/v3/objects/contacts/23203001?properties=firstname%2Clastname%2Cnombre_y_apellidos%2Cemail%2Cphone%2Cmobilephone%2Ccargo_en_empresa%2Cnif%2Ctecnico_enisa_asignado%2Ctecnico_subvencion_asignado%2Ccfo_asignado%2Ccfo_asignado_ii%2Casesor_fiscal_asignado%2Casesor_laboral_asignado%2Cadministrativo_asignado \"HTTP/1.1 200 OK\""}
{"service": "Pr\u00e9stamo ENISA", "department": "SU", "event": "service_mapped", "level": "info", "logger": "src.services.service_mapper", "timestamp": "2026-03-01T12:50:14.723307Z"}
{"department": "SU", "dept_properties": ["tecnico_enisa_asignado", "tecnico_subvencion_asignado"], "event": "no_technician_in_deal", "level": "info", "logger": "src.services.onboarding_manager", "timestamp": "2026-03-01T12:50:14.723650Z"}
{"deal_id": 57021845663, "department": "SU", "event": "onboarding_waiting_technician", "level": "warning", "logger": "src.services.onboarding_manager", "timestamp": "2026-03-01T12:50:14.726915Z"}
{"deal_id": 57021845663, "department": "SU", "reason": "notified_less_than_2_days_ago", "event": "slack_reminder_skipped", "level": "info", "logger": "src.services.onboarding_manager", "timestamp": "2026-03-01T12:50:14.727151Z"}
{"deal_id": 57021845663, "context": "retry", "status": "waiting_technician", "event": "deal_processed", "level": "info", "logger": "src.scheduler.polling_job", "timestamp": "2026-03-01T12:50:14.727288Z"}
{"event": "HTTP Request: POST https://gmail.googleapis.com/gmail/v1/users/me/messages/send \"HTTP/1.1 200 OK\""}
{"to": "mpantoja@leanfinance.es", "subject": "[LeanFinance Onboardings] Reporte: 1 con error, 3 esperando t\u00e9cnico", "message_id": "19ca9730deb5d847", "event": "gmail_email_sent", "level": "info", "logger": "src.clients.gmail", "timestamp": "2026-03-01T12:50:15.330030Z"}
{"event": "cycle_report_sent", "level": "info", "logger": "src.scheduler.polling_job", "timestamp": "2026-03-01T12:50:15.330284Z"}
{"job": "polling", "event": "polling_cycle_completed", "level": "info", "logger": "src.scheduler.polling_job", "timestamp": "2026-03-01T12:50:15.330473Z"}
{"mode": "now", "event": "single_cycle_completed", "level": "info", "logger": "__main__", "timestamp": "2026-03-01T12:50:15.330603Z"}
{"mode": "now", "event": "starting", "level": "info", "logger": "__main__", "timestamp": "2026-03-02T09:00:02.272794Z"}
{"path": "onboardings.db", "event": "database_initialized", "level": "info", "logger": "src.persistence.repository", "timestamp": "2026-03-02T09:00:02.274286Z"}
{"mode": "now", "event": "running_single_cycle", "level": "info", "logger": "__main__", "timestamp": "2026-03-02T09:00:02.600709Z"}
{"job": "polling", "event": "polling_cycle_started", "level": "info", "logger": "src.scheduler.polling_job", "timestamp": "2026-03-02T09:00:02.600919Z"}
{"since": "2026-02-23T10:00:02.600995", "lookback_days": 7, "event": "deal_detection_started", "level": "info", "logger": "src.services.deal_detector", "timestamp": "2026-03-02T09:00:02.601025Z"}
{"event": "HTTP Request: POST https://api.hubapi.com/crm/v3/objects/deals/search \"HTTP/1.1 200 OK\""}
{"event": "HTTP Request: GET https://api.hubapi.com/crm/v3/objects/deals/55827474333/associations/companies \"HTTP/1.1 200 OK\""}
{"deal_id": 55827474333, "deal_name": "Neurorehabilitaci\u00f3n- Servicio legal para constituci\u00f3n de sociedad.", "event": "deal_has_no_company", "level": "warning", "logger": "src.services.deal_detector", "timestamp": "2026-03-02T09:00:03.519931Z"}
{"event": "HTTP Request: GET https://api.hubapi.com/crm/v3/objects/deals/56896701457/associations/companies \"HTTP/1.1 200 OK\""}
{"event": "HTTP Request: GET https://api.hubapi.com/crm/v3/objects/companies/50672440362?properties=name%2Cnif%2Cgeneric_email%2Cphone%2Caddress%2Ccity%2Cstate%2Czip%2Ccountry%2Cwebsite%2Cdomain%2Ctl_holded_id%2Ctl_synced_holded%2Cdrive_folder_id%2Cdrive_folder_url \"HTTP/1.1 200 OK\""}
{"event": "HTTP Request: GET https://api.hubapi.com/crm/v3/objects/companies/50672440362/associations/contacts \"HTTP/1.1 200 OK\""}
{"event": "HTTP Request: GET https://api.hubapi.com/crm/v3/objects/contacts/199262300956?properties=firstname%2Clastname%2Cnombre_y_apellidos%2Cemail%2Cphone%2Cmobilephone%2Ccargo_en_empresa%2Cnif%2Ctecnico_enisa_asignado%2Ctecnico_subvencion_asignado%2Ccfo_asignado%2Ccfo_asignado_ii%2Casesor_fiscal_asignado%2Casesor_laboral_asignado%2Cadministrativo_asignado \"HTTP/1.1 200 OK\""}
{"deal_id": 56896701457, "deal_name": "Sustrato - Asesoramiento fiscal y contable", "company": "Sustrato", "service": "Asesoramiento fiscal y contable", "technicians_count": 3, "holded_exists": false, "event": "new_deal_detected", "level": "info", "logger": "src.services.deal_detector", "timestamp": "2026-03-02T09:00:05.039265Z"}
{"new_deals_count": 1, "event": "deal_detection_completed", "level": "info", "logger": "src.services.deal_detector", "timestamp": "2026-03-02T09:00:05.049272Z"}
{"count": 1, "event": "new_deals_detected", "level": "info", "logger": "src.scheduler.polling_job", "timestamp": "2026-03-02T09:00:05.049460Z"}
{"event": "HTTP Request: GET https://sheets.googleapis.com/v4/spreadsheets/1pWvqvvY8LBpHr07G1jmMhiP3SSQG_kUHKGc_IMYM-9s/values/servicios!A:C \"HTTP/1.1 200 OK\""}
{"count": 41, "event": "sheets_services_loaded", "level": "info", "logger": "src.clients.google_sheets", "timestamp": "2026-03-02T09:00:05.847326Z"}
{"service": "Asesoramiento fiscal y contable", "department": "AS", "event": "service_mapped", "level": "info", "logger": "src.services.service_mapper", "timestamp": "2026-03-02T09:00:05.847674Z"}
{"event": "HTTP Request: GET https://sheets.googleapis.com/v4/spreadsheets/1pWvqvvY8LBpHr07G1jmMhiP3SSQG_kUHKGc_IMYM-9s/values/usuarios!A:G \"HTTP/1.1 200 OK\""}
{"count": 22, "event": "sheets_team_members_loaded", "level": "info", "logger": "src.clients.google_sheets", "timestamp": "2026-03-02T09:00:06.103544Z"}
{"department": "AS", "technician": "Lorena", "event": "technician_resolved", "level": "info", "logger": "src.services.onboarding_manager", "timestamp": "2026-03-02T09:00:06.103843Z"}
{"deal_id": 56896701457, "context": "new_deal", "error": "UNIQUE constraint failed: onboarding_technicians.onboarding_id, onboarding_technicians.hubspot_tec_id", "event": "deal_processing_error", "level": "error", "logger": "src.scheduler.polling_job", "timestamp": "2026-03-02T09:00:06.109065Z"}
{"count": 3, "event": "pending_onboardings_found", "level": "info", "logger": "src.scheduler.polling_job", "timestamp": "2026-03-02T09:00:06.112443Z"}
{"event": "HTTP Request: GET https://api.hubapi.com/crm/v3/objects/deals/56935817279?properties=dealname%2Camount%2Chubspot_owner_id%2Cpipeline%2Cdealstage%2Cclosedate \"HTTP/1.1 200 OK\""}
{"event": "HTTP Request: GET https://api.hubapi.com/crm/v3/objects/deals/56935817279/associations/companies \"HTTP/1.1 200 OK\""}
{"event": "HTTP Request: GET https://api.hubapi.com/crm/v3/objects/companies/50771288247?properties=name%2Cnif%2Cgeneric_email%2Cphone%2Caddress%2Ccity%2Cstate%2Czip%2Ccountry%2Cwebsite%2Cdomain%2Ctl_holded_id%2Ctl_synced_holded%2Cdrive_folder_id%2Cdrive_folder_url \"HTTP/1.1 200 OK\""}
{"event": "HTTP Request: GET https://api.hubapi.com/crm/v3/objects/companies/50771288247/associations/contacts \"HTTP/1.1 200 OK\""}
{"event": "HTTP Request: GET https://api.hubapi.com/crm/v3/objects/contacts/199954448819?properties=firstname%2Clastname%2Cnombre_y_apellidos%2Cemail%2Cphone%2Cmobilephone%2Ccargo_en_empresa%2Cnif%2Ctecnico_enisa_asignado%2Ctecnico_subvencion_asignado%2Ccfo_asignado%2Ccfo_asignado_ii%2Casesor_fiscal_asignado%2Casesor_laboral_asignado%2Cadministrativo_asignado \"HTTP/1.1 200 OK\""}
{"service": "Asesoramiento laboral", "department": "LA", "event": "service_mapped", "level": "info", "logger": "src.services.service_mapper", "timestamp": "2026-03-02T09:00:07.965240Z"}
{"department": "LA", "dept_properties": ["asesor_laboral_asignado"], "event": "no_technician_in_deal", "level": "info", "logger": "src.services.onboarding_manager", "timestamp": "2026-03-02T09:00:07.965450Z"}
{"deal_id": 56935817279, "department": "LA", "event": "onboarding_waiting_technician", "level": "warning", "logger": "src.services.onboarding_manager", "timestamp": "2026-03-02T09:00:07.967697Z"}
{"deal_id": 56935817279, "department": "LA", "reason": "notified_less_than_2_days_ago", "event": "slack_reminder_skipped", "level": "info", "logger": "src.services.onboarding_manager", "timestamp": "2026-03-02T09:00:07.967852Z"}
{"deal_id": 56935817279, "context": "retry", "status": "waiting_technician", "event": "deal_processed", "level": "info", "logger": "src.scheduler.polling_job", "timestamp": "2026-03-02T09:00:07.967920Z"}
{"event": "HTTP Request: GET https://api.hubapi.com/crm/v3/objects/deals/56935817303?properties=dealname%2Camount%2Chubspot_owner_id%2Cpipeline%2Cdealstage%2Cclosedate \"HTTP/1.1 200 OK\""}
{"event": "HTTP Request: GET https://api.hubapi.com/crm/v3/objects/deals/56935817303/associations/companies \"HTTP/1.1 200 OK\""}
{"event": "HTTP Request: GET https://api.hubapi.com/crm/v3/objects/companies/50771288247?properties=name%2Cnif%2Cgeneric_email%2Cphone%2Caddress%2Ccity%2Cstate%2Czip%2Ccountry%2Cwebsite%2Cdomain%2Ctl_holded_id%2Ctl_synced_holded%2Cdrive_folder_id%2Cdrive_folder_url \"HTTP/1.1 200 OK\""}
{"event": "HTTP Request: GET https://api.hubapi.com/crm/v3/objects/companies/50771288247/associations/contacts \"HTTP/1.1 200 OK\""}
{"event": "HTTP Request: GET https://api.hubapi.com/crm/v3/objects/contacts/199954448819?properties=firstname%2Clastname%2Cnombre_y_apellidos%2Cemail%2Cphone%2Cmobilephone%2Ccargo_en_empresa%2Cnif%2Ctecnico_enisa_asignado%2Ctecnico_subvencion_asignado%2Ccfo_asignado%2Ccfo_asignado_ii%2Casesor_fiscal_asignado%2Casesor_laboral_asignado%2Cadministrativo_asignado \"HTTP/1.1 200 OK\""}
{"service": "ASESORAMIENTO FINANCIERO ONESHOT", "department": "FI", "event": "service_mapped", "level": "info", "logger": "src.services.service_mapper", "timestamp": "2026-03-02T09:00:09.550188Z"}
{"department": "FI", "technician": "Pelayo", "event": "technician_resolved", "level": "info", "logger": "src.services.onboarding_manager", "timestamp": "2026-03-02T09:00:09.550517Z"}
{"deal_id": 56935817303, "company": "Canadian Sevilla", "department": "FI", "technician": "Pelayo", "event": "running_pipeline", "level": "info", "logger": "src.services.onboarding_manager", "timestamp": "2026-03-02T09:00:09.550767Z"}
{"onboarding_id": 6, "deal_id": 56935817303, "steps_count": 4, "event": "pipeline_started", "level": "info", "logger": "src.pipeline.engine", "timestamp": "2026-03-02T09:00:09.550950Z"}
{"onboarding_id": 6, "deal_id": 56935817303, "step": "create_drive_folder", "event": "step_started", "level": "info", "logger": "src.pipeline.engine", "timestamp": "2026-03-02T09:00:09.559082Z"}
{"event": "HTTP Request: GET https://www.googleapis.com/drive/v3/files?q=name+%3D+%27Canadian+Sevilla%27+and+%270AN-sodeoSVkMUk9PVA%27+in+parents+and+mimeType+%3D+%27application%2Fvnd.google-apps.folder%27+and+trashed+%3D+false&fields=files%28id%2C+name%29&includeItemsFromAllDrives=true&supportsAllDrives=true&corpora=allDrives \"HTTP/1.1 200 OK\""}
{"deal_id": 56935817303, "company": "Canadian Sevilla", "folder_id": "1gM9MREWM1a4yGQAqIt-c6pj-uLl0xEIU", "event": "drive_client_folder_ready", "level": "info", "logger": "src.steps.create_drive_folder", "timestamp": "2026-03-02T09:00:10.120899Z"}
{"event": "HTTP Request: PATCH https://api.hubapi.com/crm/v3/objects/companies/50771288247 \"HTTP/1.1 403 Forbidden\""}
{"onboarding_id": 6, "deal_id": 56935817303, "step": "create_drive_folder", "error": "HubSpot 403: {\"status\":\"error\",\"message\":\"This app hasn't been granted all required scopes to make this call. Read more about required scopes here: https://developers.hubspot.com/scopes.\",\"correlationId\":\"4153efc2-9d6e-4e08-a836-1121b0b5da17\",\"errors\":[{\"message\":\"One or more of the following scopes are required.\",\"context\":{\"requiredGranularScopes\":[\"crm.objects.companies.write\",\"crm.schemas.companies.write\",\"crm.objects.companies.sensitive.write.v2\",\"crm.objects.companies.highly_sensitive.write.v2\"]}}],\"links\":{\"scopes\":\"https://developers.hubspot.com/scopes\"},\"category\":\"MISSING_SCOPES\"}", "event": "step_exception", "level": "error", "logger": "src.pipeline.engine", "timestamp": "2026-03-02T09:00:10.398718Z"}
{"onboarding_id": 6, "deal_id": 56935817303, "step": "create_holded_contact", "event": "step_started", "level": "info", "logger": "src.pipeline.engine", "timestamp": "2026-03-02T09:00:10.408080Z"}
{"event": "HTTP Request: POST https://api.holded.com/api/invoicing/v1/contacts \"HTTP/1.1 201 Created\""}
{"contact_id": "69a5519abb045b65b00bdb23", "name": "Canadian International School of Sevilla", "event": "holded_contact_created", "level": "info", "logger": "src.clients.holded", "timestamp": "2026-03-02T09:00:10.901089Z"}
{"event": "HTTP Request: PATCH https://api.hubapi.com/crm/v3/objects/companies/50771288247 \"HTTP/1.1 403 Forbidden\""}
{"onboarding_id": 6, "deal_id": 56935817303, "step": "create_holded_contact", "error": "HubSpot 403: {\"status\":\"error\",\"message\":\"This app hasn't been granted all required scopes to make this call. Read more about required scopes here: https://developers.hubspot.com/scopes.\",\"correlationId\":\"f1a46b91-bdc5-4d12-bcd0-dcf4908c65b1\",\"errors\":[{\"message\":\"One or more of the following scopes are required.\",\"context\":{\"requiredGranularScopes\":[\"crm.objects.companies.write\",\"crm.schemas.companies.write\",\"crm.objects.companies.sensitive.write.v2\",\"crm.objects.companies.highly_sensitive.write.v2\"]}}],\"links\":{\"scopes\":\"https://developers.hubspot.com/scopes\"},\"category\":\"MISSING_SCOPES\"}", "event": "step_exception", "level": "error", "logger": "src.pipeline.engine", "timestamp": "2026-03-02T09:00:11.185666Z"}
{"onboarding_id": 6, "deal_id": 56935817303, "step": "notify_slack", "event": "step_started", "level": "info", "logger": "src.pipeline.engine", "timestamp": "2026-03-02T09:00:11.194502Z"}
{"event": "HTTP Request: POST https://slack.com/api/conversations.open \"HTTP/1.1 200 OK\""}
{"event": "HTTP Request: POST https://slack.com/api/chat.postMessage \"HTTP/1.1 200 OK\""}
{"user_id": "U0A82A8TM9N", "ts": "1772442012.033379", "event": "slack_dm_sent", "level": "info", "logger": "src.clients.slack", "timestamp": "2026-03-02T09:00:12.290661Z"}
{"deal_id": 56935817303, "company": "Canadian Sevilla", "technician": "Pelayo", "slack_id": "U0A82A8TM9N", "ts": "1772442012.033379", "event": "slack_dm_sent_to_technician", "level": "info", "logger": "src.steps.notify_slack", "timestamp": "2026-03-02T09:00:12.291115Z"}
{"onboarding_id": 6, "deal_id": 56935817303, "step": "notify_slack", "data": {"slack_ts": "1772442012.033379"}, "event": "step_completed", "level": "info", "logger": "src.pipeline.engine", "timestamp": "2026-03-02T09:00:12.295334Z"}
{"onboarding_id": 6, "deal_id": 56935817303, "step": "send_email", "event": "step_started", "level": "info", "logger": "src.pipeline.engine", "timestamp": "2026-03-02T09:00:12.302088Z"}
{"event": "HTTP Request: POST https://gmail.googleapis.com/gmail/v1/users/me/messages/send \"HTTP/1.1 200 OK\""}
{"to": "pelayo@leanfinance.es", "subject": "Nuevo onboarding: Canadian Sevilla \u2014 ASESORAMIENTO FINANCIERO ONESHOT", "message_id": "19cadc6cdee7779c", "event": "gmail_email_sent", "level": "info", "logger": "src.clients.gmail", "timestamp": "2026-03-02T09:00:13.017478Z"}
{"deal_id": 56935817303, "company": "Canadian Sevilla", "technician": "Pelayo", "email": "pelayo@leanfinance.es", "message_id": "19cadc6cdee7779c", "event": "email_sent_to_technician", "level": "info", "logger": "src.steps.send_email", "timestamp": "2026-03-02T09:00:13.017770Z"}
{"onboarding_id": 6, "deal_id": 56935817303, "step": "send_email", "data": {"gmail_message_id": "19cadc6cdee7779c"}, "event": "step_completed", "level": "info", "logger": "src.pipeline.engine", "timestamp": "2026-03-02T09:00:13.021482Z"}
{"onboarding_id": 6, "deal_id": 56935817303, "failed_steps": ["create_drive_folder", "create_holded_contact"], "event": "pipeline_completed_with_failures", "level": "warning", "logger": "src.pipeline.engine", "timestamp": "2026-03-02T09:00:13.021715Z"}
{"deal_id": 56935817303, "context": "retry", "status": "failed", "event": "deal_processed", "level": "info", "logger": "src.scheduler.polling_job", "timestamp": "2026-03-02T09:00:13.024617Z"}
{"event": "HTTP Request: GET https://api.hubapi.com/crm/v3/objects/deals/57021845663?properties=dealname%2Camount%2Chubspot_owner_id%2Cpipeline%2Cdealstage%2Cclosedate \"HTTP/1.1 200 OK\""}
{"event": "HTTP Request: GET https://api.hubapi.com/crm/v3/objects/deals/57021845663/associations/companies \"HTTP/1.1 200 OK\""}
{"event": "HTTP Request: GET https://api.hubapi.com/crm/v3/objects/companies/18827145822?properties=name%2Cnif%2Cgeneric_email%2Cphone%2Caddress%2Ccity%2Cstate%2Czip%2Ccountry%2Cwebsite%2Cdomain%2Ctl_holded_id%2Ctl_synced_holded%2Cdrive_folder_id%2Cdrive_folder_url \"HTTP/1.1 200 OK\""}
{"event": "HTTP Request: GET https://api.hubapi.com/crm/v3/objects/companies/18827145822/associations/contacts \"HTTP/1.1 200 OK\""}
{"event": "HTTP Request: GET https://api.hubapi.com/crm/v3/objects/contacts/23203001?properties=firstname%2Clastname%2Cnombre_y_apellidos%2Cemail%2Cphone%2Cmobilephone%2Ccargo_en_empresa%2Cnif%2Ctecnico_enisa_asignado%2Ctecnico_subvencion_asignado%2Ccfo_asignado%2Ccfo_asignado_ii%2Casesor_fiscal_asignado%2Casesor_laboral_asignado%2Cadministrativo_asignado \"HTTP/1.1 200 OK\""}
{"service": "Pr\u00e9stamo ENISA", "department": "SU", "event": "service_mapped", "level": "info", "logger": "src.services.service_mapper", "timestamp": "2026-03-02T09:00:15.645273Z"}
{"department": "SU", "dept_properties": ["tecnico_enisa_asignado", "tecnico_subvencion_asignado"], "event": "no_technician_in_deal", "level": "info", "logger": "src.services.onboarding_manager", "timestamp": "2026-03-02T09:00:15.645566Z"}
{"deal_id": 57021845663, "department": "SU", "event": "onboarding_waiting_technician", "level": "warning", "logger": "src.services.onboarding_manager", "timestamp": "2026-03-02T09:00:15.649216Z"}
{"deal_id": 57021845663, "department": "SU", "reason": "notified_less_than_2_days_ago", "event": "slack_reminder_skipped", "level": "info", "logger": "src.services.onboarding_manager", "timestamp": "2026-03-02T09:00:15.649410Z"}
{"deal_id": 57021845663, "context": "retry", "status": "waiting_technician", "event": "deal_processed", "level": "info", "logger": "src.scheduler.polling_job", "timestamp": "2026-03-02T09:00:15.649494Z"}
{"event": "HTTP Request: POST https://gmail.googleapis.com/gmail/v1/users/me/messages/send \"HTTP/1.1 200 OK\""}
{"to": "mpantoja@leanfinance.es", "subject": "[LeanFinance Onboardings] Reporte: 2 con error, 2 esperando t\u00e9cnico", "message_id": "19cadc6d8b425f36", "event": "gmail_email_sent", "level": "info", "logger": "src.clients.gmail", "timestamp": "2026-03-02T09:00:16.197573Z"}
{"event": "cycle_report_sent", "level": "info", "logger": "src.scheduler.polling_job", "timestamp": "2026-03-02T09:00:16.197901Z"}
{"job": "polling", "event": "polling_cycle_completed", "level": "info", "logger": "src.scheduler.polling_job", "timestamp": "2026-03-02T09:00:16.198121Z"}
{"mode": "now", "event": "single_cycle_completed", "level": "info", "logger": "__main__", "timestamp": "2026-03-02T09:00:16.198261Z"}
{"mode": "now", "event": "starting", "level": "info", "logger": "__main__", "timestamp": "2026-03-02T12:50:01.554545Z"}
{"path": "onboardings.db", "event": "database_initialized", "level": "info", "logger": "src.persistence.repository", "timestamp": "2026-03-02T12:50:01.557472Z"}
{"mode": "now", "event": "running_single_cycle", "level": "info", "logger": "__main__", "timestamp": "2026-03-02T12:50:01.803378Z"}
{"job": "polling", "event": "polling_cycle_started", "level": "info", "logger": "src.scheduler.polling_job", "timestamp": "2026-03-02T12:50:01.803600Z"}
{"since": "2026-02-23T13:50:01.803669", "lookback_days": 7, "event": "deal_detection_started", "level": "info", "logger": "src.services.deal_detector", "timestamp": "2026-03-02T12:50:01.803698Z"}
{"event": "HTTP Request: POST https://api.hubapi.com/crm/v3/objects/deals/search \"HTTP/1.1 200 OK\""}
{"event": "HTTP Request: GET https://api.hubapi.com/crm/v3/objects/deals/55827474333/associations/companies \"HTTP/1.1 200 OK\""}
{"deal_id": 55827474333, "deal_name": "Neurorehabilitaci\u00f3n- Servicio legal para constituci\u00f3n de sociedad.", "event": "deal_has_no_company", "level": "warning", "logger": "src.services.deal_detector", "timestamp": "2026-03-02T12:50:02.480394Z"}
{"event": "HTTP Request: GET https://api.hubapi.com/crm/v3/objects/deals/56896701457/associations/companies \"HTTP/1.1 200 OK\""}
{"event": "HTTP Request: GET https://api.hubapi.com/crm/v3/objects/companies/50672440362?properties=name%2Cnif%2Cgeneric_email%2Cphone%2Caddress%2Ccity%2Cstate%2Czip%2Ccountry%2Cwebsite%2Cdomain%2Ctl_holded_id%2Ctl_synced_holded%2Cdrive_folder_id%2Cdrive_folder_url \"HTTP/1.1 200 OK\""}
{"event": "HTTP Request: GET https://api.hubapi.com/crm/v3/objects/companies/50672440362/associations/contacts \"HTTP/1.1 200 OK\""}
{"event": "HTTP Request: GET https://api.hubapi.com/crm/v3/objects/contacts/199262300956?properties=firstname%2Clastname%2Cnombre_y_apellidos%2Cemail%2Cphone%2Cmobilephone%2Ccargo_en_empresa%2Cnif%2Ctecnico_enisa_asignado%2Ctecnico_subvencion_asignado%2Ccfo_asignado%2Ccfo_asignado_ii%2Casesor_fiscal_asignado%2Casesor_laboral_asignado%2Cadministrativo_asignado \"HTTP/1.1 200 OK\""}
{"deal_id": 56896701457, "deal_name": "Sustrato - Asesoramiento fiscal y contable", "company": "Sustrato", "service": "Asesoramiento fiscal y contable", "technicians_count": 3, "holded_exists": false, "event": "new_deal_detected", "level": "info", "logger": "src.services.deal_detector", "timestamp": "2026-03-02T12:50:03.927324Z"}
{"new_deals_count": 1, "event": "deal_detection_completed", "level": "info", "logger": "src.services.deal_detector", "timestamp": "2026-03-02T12:50:03.938808Z"}
{"count": 1, "event": "new_deals_detected", "level": "info", "logger": "src.scheduler.polling_job", "timestamp": "2026-03-02T12:50:03.938993Z"}
{"event": "HTTP Request: GET https://sheets.googleapis.com/v4/spreadsheets/1pWvqvvY8LBpHr07G1jmMhiP3SSQG_kUHKGc_IMYM-9s/values/servicios!A:C \"HTTP/1.1 200 OK\""}
{"count": 41, "event": "sheets_services_loaded", "level": "info", "logger": "src.clients.google_sheets", "timestamp": "2026-03-02T12:50:05.222629Z"}
{"service": "Asesoramiento fiscal y contable", "department": "AS", "event": "service_mapped", "level": "info", "logger": "src.services.service_mapper", "timestamp": "2026-03-02T12:50:05.222942Z"}
{"event": "HTTP Request: GET https://sheets.googleapis.com/v4/spreadsheets/1pWvqvvY8LBpHr07G1jmMhiP3SSQG_kUHKGc_IMYM-9s/values/usuarios!A:G \"HTTP/1.1 200 OK\""}
{"count": 22, "event": "sheets_team_members_loaded", "level": "info", "logger": "src.clients.google_sheets", "timestamp": "2026-03-02T12:50:06.369505Z"}
{"department": "AS", "technician": "Lorena", "event": "technician_resolved", "level": "info", "logger": "src.services.onboarding_manager", "timestamp": "2026-03-02T12:50:06.369781Z"}
{"deal_id": 56896701457, "context": "new_deal", "error": "UNIQUE constraint failed: onboarding_technicians.onboarding_id, onboarding_technicians.hubspot_tec_id", "event": "deal_processing_error", "level": "error", "logger": "src.scheduler.polling_job", "timestamp": "2026-03-02T12:50:06.374994Z"}
{"count": 1, "event": "pending_onboardings_found", "level": "info", "logger": "src.scheduler.polling_job", "timestamp": "2026-03-02T12:50:06.377255Z"}
{"event": "HTTP Request: GET https://api.hubapi.com/crm/v3/objects/deals/57021845663?properties=dealname%2Camount%2Chubspot_owner_id%2Cpipeline%2Cdealstage%2Cclosedate \"HTTP/1.1 200 OK\""}
{"event": "HTTP Request: GET https://api.hubapi.com/crm/v3/objects/deals/57021845663/associations/companies \"HTTP/1.1 200 OK\""}
{"event": "HTTP Request: GET https://api.hubapi.com/crm/v3/objects/companies/18827145822?properties=name%2Cnif%2Cgeneric_email%2Cphone%2Caddress%2Ccity%2Cstate%2Czip%2Ccountry%2Cwebsite%2Cdomain%2Ctl_holded_id%2Ctl_synced_holded%2Cdrive_folder_id%2Cdrive_folder_url \"HTTP/1.1 200 OK\""}
{"event": "HTTP Request: GET https://api.hubapi.com/crm/v3/objects/companies/18827145822/associations/contacts \"HTTP/1.1 200 OK\""}
{"event": "HTTP Request: GET https://api.hubapi.com/crm/v3/objects/contacts/23203001?properties=firstname%2Clastname%2Cnombre_y_apellidos%2Cemail%2Cphone%2Cmobilephone%2Ccargo_en_empresa%2Cnif%2Ctecnico_enisa_asignado%2Ctecnico_subvencion_asignado%2Ccfo_asignado%2Ccfo_asignado_ii%2Casesor_fiscal_asignado%2Casesor_laboral_asignado%2Cadministrativo_asignado \"HTTP/1.1 200 OK\""}
{"service": "Pr\u00e9stamo ENISA", "department": "SU", "event": "service_mapped", "level": "info", "logger": "src.services.service_mapper", "timestamp": "2026-03-02T12:50:08.215956Z"}
{"department": "SU", "dept_properties": ["tecnico_enisa_asignado", "tecnico_subvencion_asignado"], "event": "no_technician_in_deal", "level": "info", "logger": "src.services.onboarding_manager", "timestamp": "2026-03-02T12:50:08.216242Z"}
{"deal_id": 57021845663, "department": "SU", "event": "onboarding_waiting_technician", "level": "warning", "logger": "src.services.onboarding_manager", "timestamp": "2026-03-02T12:50:08.219280Z"}
{"deal_id": 57021845663, "department": "SU", "reason": "notified_less_than_2_days_ago", "event": "slack_reminder_skipped", "level": "info", "logger": "src.services.onboarding_manager", "timestamp": "2026-03-02T12:50:08.219519Z"}
{"deal_id": 57021845663, "context": "retry", "status": "waiting_technician", "event": "deal_processed", "level": "info", "logger": "src.scheduler.polling_job", "timestamp": "2026-03-02T12:50:08.219647Z"}
{"event": "HTTP Request: POST https://gmail.googleapis.com/gmail/v1/users/me/messages/send \"HTTP/1.1 200 OK\""}
{"to": "mpantoja@leanfinance.es", "subject": "[LeanFinance Onboardings] Reporte: 1 con error, 1 esperando t\u00e9cnico", "message_id": "19cae994ffaa6006", "event": "gmail_email_sent", "level": "info", "logger": "src.clients.gmail", "timestamp": "2026-03-02T12:50:08.884177Z"}
{"event": "cycle_report_sent", "level": "info", "logger": "src.scheduler.polling_job", "timestamp": "2026-03-02T12:50:08.884444Z"}
{"job": "polling", "event": "polling_cycle_completed", "level": "info", "logger": "src.scheduler.polling_job", "timestamp": "2026-03-02T12:50:08.884654Z"}
{"mode": "now", "event": "single_cycle_completed", "level": "info", "logger": "__main__", "timestamp": "2026-03-02T12:50:08.884771Z"}
{"mode": "now", "event": "starting", "level": "info", "logger": "__main__", "timestamp": "2026-03-03T09:00:01.447743Z"}
{"path": "onboardings.db", "event": "database_initialized", "level": "info", "logger": "src.persistence.repository", "timestamp": "2026-03-03T09:00:01.450613Z"}
{"mode": "now", "event": "running_single_cycle", "level": "info", "logger": "__main__", "timestamp": "2026-03-03T09:00:01.792138Z"}
{"job": "polling", "event": "polling_cycle_started", "level": "info", "logger": "src.scheduler.polling_job", "timestamp": "2026-03-03T09:00:01.792426Z"}
{"since": "2026-02-24T10:00:01.792503", "lookback_days": 7, "event": "deal_detection_started", "level": "info", "logger": "src.services.deal_detector", "timestamp": "2026-03-03T09:00:01.792542Z"}
{"event": "HTTP Request: POST https://api.hubapi.com/crm/v3/objects/deals/search \"HTTP/1.1 200 OK\""}
{"event": "HTTP Request: GET https://api.hubapi.com/crm/v3/objects/deals/55827474333/associations/companies \"HTTP/1.1 200 OK\""}
{"deal_id": 55827474333, "deal_name": "Neurorehabilitaci\u00f3n- Servicio legal para constituci\u00f3n de sociedad.", "event": "deal_has_no_company", "level": "warning", "logger": "src.services.deal_detector", "timestamp": "2026-03-03T09:00:02.548624Z"}
{"event": "HTTP Request: GET https://api.hubapi.com/crm/v3/objects/deals/56896701457/associations/companies \"HTTP/1.1 200 OK\""}
{"event": "HTTP Request: GET https://api.hubapi.com/crm/v3/objects/companies/50672440362?properties=name%2Cnif%2Cgeneric_email%2Cphone%2Caddress%2Ccity%2Cstate%2Czip%2Ccountry%2Cwebsite%2Cdomain%2Ctl_holded_id%2Ctl_synced_holded%2Cdrive_folder_id%2Cdrive_folder_url \"HTTP/1.1 200 OK\""}
{"event": "HTTP Request: GET https://api.hubapi.com/crm/v3/objects/companies/50672440362/associations/contacts \"HTTP/1.1 200 OK\""}
{"event": "HTTP Request: GET https://api.hubapi.com/crm/v3/objects/contacts/199262300956?properties=firstname%2Clastname%2Cnombre_y_apellidos%2Cemail%2Cphone%2Cmobilephone%2Ccargo_en_empresa%2Cnif%2Ctecnico_enisa_asignado%2Ctecnico_subvencion_asignado%2Ccfo_asignado%2Ccfo_asignado_ii%2Casesor_fiscal_asignado%2Casesor_laboral_asignado%2Cadministrativo_asignado \"HTTP/1.1 200 OK\""}
{"deal_id": 56896701457, "deal_name": "Sustrato - Asesoramiento fiscal y contable", "company": "Sustrato", "service": "Asesoramiento fiscal y contable", "technicians_count": 3, "holded_exists": false, "event": "new_deal_detected", "level": "info", "logger": "src.services.deal_detector", "timestamp": "2026-03-03T09:00:04.299019Z"}
{"event": "HTTP Request: GET https://api.hubapi.com/crm/v3/objects/deals/57442751912/associations/companies \"HTTP/1.1 200 OK\""}
{"event": "HTTP Request: GET https://api.hubapi.com/crm/v3/objects/companies/40702239269?properties=name%2Cnif%2Cgeneric_email%2Cphone%2Caddress%2Ccity%2Cstate%2Czip%2Ccountry%2Cwebsite%2Cdomain%2Ctl_holded_id%2Ctl_synced_holded%2Cdrive_folder_id%2Cdrive_folder_url \"HTTP/1.1 200 OK\""}
{"event": "HTTP Request: GET https://api.hubapi.com/crm/v3/objects/companies/40702239269/associations/contacts \"HTTP/1.1 200 OK\""}
{"event": "HTTP Request: GET https://api.hubapi.com/crm/v3/objects/contacts/160585709934?properties=firstname%2Clastname%2Cnombre_y_apellidos%2Cemail%2Cphone%2Cmobilephone%2Ccargo_en_empresa%2Cnif%2Ctecnico_enisa_asignado%2Ctecnico_subvencion_asignado%2Ccfo_asignado%2Ccfo_asignado_ii%2Casesor_fiscal_asignado%2Casesor_laboral_asignado%2Cadministrativo_asignado \"HTTP/1.1 200 OK\""}
{"deal_id": 57442751912, "deal_name": "Beatriz Manzano - Campa\u00f1a Rentas 2026", "company": "Beatriz Manzano", "service": "Campa\u00f1a Rentas 2026", "technicians_count": 3, "holded_exists": false, "event": "new_deal_detected", "level": "info", "logger": "src.services.deal_detector", "timestamp": "2026-03-03T09:00:05.938095Z"}
{"new_deals_count": 2, "event": "deal_detection_completed", "level": "info", "logger": "src.services.deal_detector", "timestamp": "2026-03-03T09:00:05.938320Z"}
{"count": 2, "event": "new_deals_detected", "level": "info", "logger": "src.scheduler.polling_job", "timestamp": "2026-03-03T09:00:05.938407Z"}
{"event": "HTTP Request: GET https://sheets.googleapis.com/v4/spreadsheets/1pWvqvvY8LBpHr07G1jmMhiP3SSQG_kUHKGc_IMYM-9s/values/servicios!A:C \"HTTP/1.1 200 OK\""}
{"count": 41, "event": "sheets_services_loaded", "level": "info", "logger": "src.clients.google_sheets", "timestamp": "2026-03-03T09:00:06.865132Z"}
{"service": "Asesoramiento fiscal y contable", "department": "AS", "event": "service_mapped", "level": "info", "logger": "src.services.service_mapper", "timestamp": "2026-03-03T09:00:06.865346Z"}
{"event": "HTTP Request: GET https://sheets.googleapis.com/v4/spreadsheets/1pWvqvvY8LBpHr07G1jmMhiP3SSQG_kUHKGc_IMYM-9s/values/usuarios!A:G \"HTTP/1.1 200 OK\""}
{"count": 22, "event": "sheets_team_members_loaded", "level": "info", "logger": "src.clients.google_sheets", "timestamp": "2026-03-03T09:00:07.620096Z"}
{"department": "AS", "technician": "Lorena", "event": "technician_resolved", "level": "info", "logger": "src.services.onboarding_manager", "timestamp": "2026-03-03T09:00:07.620418Z"}
{"deal_id": 56896701457, "context": "new_deal", "error": "UNIQUE constraint failed: onboarding_technicians.onboarding_id, onboarding_technicians.hubspot_tec_id", "event": "deal_processing_error", "level": "error", "logger": "src.scheduler.polling_job", "timestamp": "2026-03-03T09:00:07.626208Z"}
{"service_name": "Campa\u00f1a Rentas 2026", "event": "service_not_found", "level": "warning", "logger": "src.services.service_mapper", "timestamp": "2026-03-03T09:00:07.627974Z"}
{"deal_id": 57442751912, "company": "Beatriz Manzano", "service": "Campa\u00f1a Rentas 2026", "event": "service_not_found_skipping", "level": "warning", "logger": "src.services.onboarding_manager", "timestamp": "2026-03-03T09:00:07.628160Z"}
{"deal_id": 57442751912, "id": 9, "event": "onboarding_created", "level": "info", "logger": "src.persistence.repository", "timestamp": "2026-03-03T09:00:07.630925Z"}
{"deal_id": 57442751912, "error": "Servicio no encontrado en la Sheet: 'Campa\u00f1a Rentas 2026'", "event": "onboarding_failed_before_pipeline", "level": "error", "logger": "src.services.onboarding_manager", "timestamp": "2026-03-03T09:00:07.631141Z"}
{"deal_id": 57442751912, "context": "new_deal", "status": "failed", "event": "deal_processed", "level": "info", "logger": "src.scheduler.polling_job", "timestamp": "2026-03-03T09:00:07.631244Z"}
{"count": 1, "event": "pending_onboardings_found", "level": "info", "logger": "src.scheduler.polling_job", "timestamp": "2026-03-03T09:00:07.632674Z"}
{"event": "HTTP Request: GET https://api.hubapi.com/crm/v3/objects/deals/57021845663?properties=dealname%2Camount%2Chubspot_owner_id%2Cpipeline%2Cdealstage%2Cclosedate \"HTTP/1.1 200 OK\""}
{"event": "HTTP Request: GET https://api.hubapi.com/crm/v3/objects/deals/57021845663/associations/companies \"HTTP/1.1 200 OK\""}
{"event": "HTTP Request: GET https://api.hubapi.com/crm/v3/objects/companies/18827145822?properties=name%2Cnif%2Cgeneric_email%2Cphone%2Caddress%2Ccity%2Cstate%2Czip%2Ccountry%2Cwebsite%2Cdomain%2Ctl_holded_id%2Ctl_synced_holded%2Cdrive_folder_id%2Cdrive_folder_url \"HTTP/1.1 200 OK\""}
{"event": "HTTP Request: GET https://api.hubapi.com/crm/v3/objects/companies/18827145822/associations/contacts \"HTTP/1.1 200 OK\""}
{"event": "HTTP Request: GET https://api.hubapi.com/crm/v3/objects/contacts/23203001?properties=firstname%2Clastname%2Cnombre_y_apellidos%2Cemail%2Cphone%2Cmobilephone%2Ccargo_en_empresa%2Cnif%2Ctecnico_enisa_asignado%2Ctecnico_subvencion_asignado%2Ccfo_asignado%2Ccfo_asignado_ii%2Casesor_fiscal_asignado%2Casesor_laboral_asignado%2Cadministrativo_asignado \"HTTP/1.1 200 OK\""}
{"service": "Pr\u00e9stamo ENISA", "department": "SU", "event": "service_mapped", "level": "info", "logger": "src.services.service_mapper", "timestamp": "2026-03-03T09:00:10.018297Z"}
{"department": "SU", "dept_properties": ["tecnico_enisa_asignado", "tecnico_subvencion_asignado"], "event": "no_technician_in_deal", "level": "info", "logger": "src.services.onboarding_manager", "timestamp": "2026-03-03T09:00:10.018618Z"}
{"deal_id": 57021845663, "department": "SU", "event": "onboarding_waiting_technician", "level": "warning", "logger": "src.services.onboarding_manager", "timestamp": "2026-03-03T09:00:10.021871Z"}
{"deal_id": 57021845663, "department": "SU", "reason": "notified_less_than_2_days_ago", "event": "slack_reminder_skipped", "level": "info", "logger": "src.services.onboarding_manager", "timestamp": "2026-03-03T09:00:10.022091Z"}
{"deal_id": 57021845663, "context": "retry", "status": "waiting_technician", "event": "deal_processed", "level": "info", "logger": "src.scheduler.polling_job", "timestamp": "2026-03-03T09:00:10.022217Z"}
{"event": "HTTP Request: POST https://gmail.googleapis.com/gmail/v1/users/me/messages/send \"HTTP/1.1 200 OK\""}
{"to": "mpantoja@leanfinance.es", "subject": "[LeanFinance Onboardings] Reporte: 2 con error, 1 esperando t\u00e9cnico", "message_id": "19cb2ed1f6f292cd", "event": "gmail_email_sent", "level": "info", "logger": "src.clients.gmail", "timestamp": "2026-03-03T09:00:10.897523Z"}
{"event": "cycle_report_sent", "level": "info", "logger": "src.scheduler.polling_job", "timestamp": "2026-03-03T09:00:10.897821Z"}
{"job": "polling", "event": "polling_cycle_completed", "level": "info", "logger": "src.scheduler.polling_job", "timestamp": "2026-03-03T09:00:10.898033Z"}
{"mode": "now", "event": "single_cycle_completed", "level": "info", "logger": "__main__", "timestamp": "2026-03-03T09:00:10.898154Z"}
